15:36:51:865 (00033676) > [Startup] The Last of Us™ Part II
15:36:51:865 (00033676) > [Startup] ==============
15:36:51:865 (00033676) > [Startup] 
15:36:51:865 (00033676) > [Startup] Build: v1.2.10416.0553
15:36:51:865 (00033676) > [Startup] Windows 11.0 (build 22631.5189)
15:36:51:865 (00033676) > [Startup] Distribution platform: Steam
15:36:51:865 (00033676) > [Startup] Game directory: C:\Users\<username>\Documents\The Last of Us Part II\
15:36:51:865 (00033676) > [Startup] Working directory: D:\Installed Games\The.Last.of.Us.Part.II.Remastered-InsaneRamZes
15:36:51:865 (00033676) > [Startup] Run ID: 0580-44BE-1147-018D
15:36:51:865 (00033676) > [Startup] 
15:36:51:865 (00033676) > [Startup] Memory statistics:
15:36:51:865 (00033676) > [Startup]   Total RAM = 31.2 GB (31908 MB)
15:36:51:865 (00033676) > [Startup]   Avail RAM = 24.1 GB (24693 MB)
15:36:51:865 (00033676) > [Startup]   Total virtual memory = 131072.0 GB (134217727 MB)
15:36:51:865 (00033676) > [Startup]   Avail virtual memory = 130554.6 GB (133687939 MB)
15:36:51:865 (00033676) > [Startup]   Total page file = 89.2 GB (91300 MB)
15:36:51:865 (00033676) > [Startup]   Avail page file = 63.2 GB (64668 MB)
15:36:51:865 (00033676) > [Startup] 

15:36:51:898 (00033676) > [Steam] Initializing.
15:36:51:898 (00033676) > [Steam] Successfully initialized.
15:36:51:898 (00033676) > [Steam] Currently connected to 0 remote sessions
15:36:51:898 (00033676) > [NxSteam] End previously existing file batch, did the game quit abnormally while saving?
15:36:51:898 (00033676) > [Steam] Steam beta branch: unknown
15:36:51:961 (00033676) > [NxApp] PreInit
15:36:51:961 (00033676) > [NxProcessorInfo] Processor info:
15:36:51:961 (00033676) > [NxProcessorInfo] 	Description:             	AMD Ryzen 5 7600X 6-Core Processor             
15:36:51:961 (00033676) > [NxProcessorInfo] 	NumaNode Count:    	0
15:36:51:961 (00033676) > [NxProcessorInfo] 	Group Count:       	1
15:36:51:961 (00033676) > [NxProcessorInfo] 	Physical Core:     	6
15:36:51:961 (00033676) > [NxProcessorInfo] 	Logical  Core:     	12
15:36:51:961 (00033676) > [NxProcessorInfo] 	Distinct L3 Cache: 	1
15:36:51:961 (00033676) > [NxProcessorInfo] 	Family:            	25
15:36:51:961 (00033676) > [NxProcessorInfo] 	Model:             	97
15:36:51:961 (00033676) > [NxProcessorInfo] 	Name:              	AMD Ryzen 5 7600X 6-Core Processor             
15:36:51:961 (00033676) > [NxProcessorInfo] 	AVX:               	1
15:36:51:961 (00033676) > [NxProcessorInfo] 	F16C:              	1
15:36:51:961 (00033676) > [NxProcessorInfo] 	AVX2:              	1
15:36:51:961 (00033676) > [NxProcessorInfo] 	NormalAffinity(auto)
15:36:51:961 (00033676) > [SwapChain] Initializing...
15:36:51:961 (00033676) > [DXGI] Initializing...
15:36:53:291 (00033676) > [NxApp] Streamline was successfully initialized.
15:36:53:291 (00033676) > [DXGI] Successfully initialized.
15:36:53:291 (00033676) > [Render] Enumerating adapters:
15:36:53:291 (00033676) > [Render] 	Adapter 0:
15:36:53:291 (00033676) > [Monitor] 		Description             : NVIDIA GeForce RTX 4090
15:36:53:291 (00033676) > [Monitor] 		Vendor                  : nVidia (10de)
15:36:53:291 (00033676) > [Monitor] 		Device                  : 2684
15:36:53:291 (00033676) > [Monitor] 		Sub system              : 165b10de
15:36:53:291 (00033676) > [Monitor] 		Revision                : 161
15:36:53:291 (00033676) > [Monitor] 		Dedicated Video Memory  : 24142 MB
15:36:53:291 (00033676) > [Monitor] 		Dedicated System Memory : 0000 MB
15:36:53:291 (00033676) > [Monitor] 		Shared System Memory    : 15954 MB
15:36:53:291 (00033676) > [Monitor] 
15:36:53:291 (00033676) > [Render] Loading NVAPI...
15:36:53:291 (00033676) > [Render] Done loading NVAPI
15:36:53:291 (00033676) > [Render] 	Adapter 1:
15:36:53:291 (00033676) > [Monitor] 		Description             : AMD Radeon(TM) Graphics
15:36:53:291 (00033676) > [Monitor] 		Vendor                  : AMD (1002)
15:36:53:291 (00033676) > [Monitor] 		Device                  : 164e
15:36:53:291 (00033676) > [Monitor] 		Sub system              : 88771043
15:36:53:291 (00033676) > [Monitor] 		Revision                : 199
15:36:53:291 (00033676) > [Monitor] 		Dedicated Video Memory  : 0485 MB
15:36:53:291 (00033676) > [Monitor] 		Dedicated System Memory : 0000 MB
15:36:53:291 (00033676) > [Monitor] 		Shared System Memory    : 15954 MB
15:36:53:291 (00033676) > [Monitor] 
15:36:53:291 (00033676) > [Render] Loading ADL...
15:36:53:308 (00033676) > [Render] AGS init succeeded
15:36:53:308 (00033676) > [Render] AGS Radeon Software Version: 24.10.16
15:36:53:308 (00033676) > [Render] Done loading ADL and AGS
15:36:53:308 (00033676) > [Render] Loading ADLX...
15:36:53:329 (00033676) > [Render] 	Adapter 2:
15:36:53:329 (00033676) > [Monitor] 		Description             : Microsoft Basic Render Driver
15:36:53:329 (00033676) > [Monitor] 		Vendor                  : Unknown (1414)
15:36:53:329 (00033676) > [Monitor] 		Device                  : 8c
15:36:53:329 (00033676) > [Monitor] 		Sub system              : 0
15:36:53:329 (00033676) > [Monitor] 		Revision                : 0
15:36:53:329 (00033676) > [Monitor] 		Dedicated Video Memory  : 0000 MB
15:36:53:329 (00033676) > [Monitor] 		Dedicated System Memory : 0000 MB
15:36:53:329 (00033676) > [Monitor] 		Shared System Memory    : 15954 MB
15:36:53:329 (00033676) > [Monitor] 
15:36:53:329 (00033676) > [Render] Enumerating monitors:
15:36:53:329 (00033676) > [Render] 	Monitor 0: handle = 0000000000010001, aspect = 2.39, rounded aspect = 2.39
15:36:53:329 (00033676) > [Render] 	Monitor 1: handle = 0000000000010003, aspect = 0.56, rounded aspect = 0.56
15:36:53:329 (00033676) > [Render] 
15:36:53:331 (00033676) > [Render] 	Monitor handle = 0000000000010001, pixel aspect ratio = 1.00
15:36:53:332 (00033676) > [Render] 	Monitor handle = 0000000000010003, pixel aspect ratio = 1.00
15:36:53:332 (00033676) > [SwapChain] Successfully initialized.
15:36:53:332 (00033676) > [Render] Enumerating Display Modes:
15:36:53:333 (00033676) > [Render] Querying ADL for Eyefinity modes
15:36:53:333 (00033676) > [Render] Querying NVAPI for Surround modes
15:36:53:452 (00033676) > [Render] NvAPI_Mosaic_GetDisplayViewportsByResolution() - no surround modes detected
15:36:53:452 (00033676) > [Render] Querying ADL for Eyefinity modes
15:36:53:453 (00033676) > [Render] Querying NVAPI for Surround modes
15:36:53:480 (00033676) > [Render] NvAPI_Mosaic_GetDisplayViewportsByResolution() - no surround modes detected
15:36:53:480 (00033676) > [Render] 	Monitor '1 (NVIDIA GeForce RTX 4090(1))' (0000000000010001): rect(0 3440 0 1440)
15:36:53:480 (00033676) > [Render] 		- Mode  0 :  800 x  600 @  50 Hz, stereo = 0, hdr = 0 exclusive = 0
15:36:53:480 (00033676) > [Render] 		- Mode  1 :  800 x  600 @  50 Hz, stereo = 0, hdr = 0 exclusive = 0
15:36:53:480 (00033676) > [Render] 		- Mode  2 :  800 x  600 @  60 Hz, stereo = 0, hdr = 0 exclusive = 0
15:36:53:480 (00033676) > [Render] 		- Mode  3 :  800 x  600 @  60 Hz, stereo = 0, hdr = 0 exclusive = 0
15:36:53:480 (00033676) > [Render] 		- Mode  4 :  800 x  600 @ 100 Hz, stereo = 0, hdr = 0 exclusive = 0
15:36:53:480 (00033676) > [Render] 		- Mode  5 :  800 x  600 @ 100 Hz, stereo = 0, hdr = 0 exclusive = 0
15:36:53:480 (00033676) > [Render] 		- Mode  6 :  800 x  600 @ 120 Hz, stereo = 0, hdr = 0 exclusive = 0
15:36:53:480 (00033676) > [Render] 		- Mode  7 :  800 x  600 @ 120 Hz, stereo = 0, hdr = 0 exclusive = 0
15:36:53:480 (00033676) > [Render] 		- Mode  8 :  800 x  600 @ 144 Hz, stereo = 0, hdr = 0 exclusive = 0
15:36:53:480 (00033676) > [Render] 		- Mode  9 :  800 x  600 @ 144 Hz, stereo = 0, hdr = 0 exclusive = 0
15:36:53:480 (00033676) > [Render] 		- Mode 10 :  800 x  600 @ 240 Hz, stereo = 0, hdr = 0 exclusive = 0
15:36:53:480 (00033676) > [Render] 		- Mode 11 :  800 x  600 @ 240 Hz, stereo = 0, hdr = 0 exclusive = 0
15:36:53:480 (00033676) > [Render] 		- Mode 12 : 1024 x  768 @  50 Hz, stereo = 0, hdr = 0 exclusive = 0
15:36:53:480 (00033676) > [Render] 		- Mode 13 : 1024 x  768 @  50 Hz, stereo = 0, hdr = 0 exclusive = 0
15:36:53:480 (00033676) > [Render] 		- Mode 14 : 1024 x  768 @  60 Hz, stereo = 0, hdr = 0 exclusive = 0
15:36:53:480 (00033676) > [Render] 		- Mode 15 : 1024 x  768 @  60 Hz, stereo = 0, hdr = 0 exclusive = 0
15:36:53:480 (00033676) > [Render] 		- Mode 16 : 1024 x  768 @ 100 Hz, stereo = 0, hdr = 0 exclusive = 0
15:36:53:480 (00033676) > [Render] 		- Mode 17 : 1024 x  768 @ 100 Hz, stereo = 0, hdr = 0 exclusive = 0
15:36:53:480 (00033676) > [Render] 		- Mode 18 : 1024 x  768 @ 120 Hz, stereo = 0, hdr = 0 exclusive = 0
15:36:53:480 (00033676) > [Render] 		- Mode 19 : 1024 x  768 @ 120 Hz, stereo = 0, hdr = 0 exclusive = 0
15:36:53:480 (00033676) > [Render] 		- Mode 20 : 1024 x  768 @ 144 Hz, stereo = 0, hdr = 0 exclusive = 0
15:36:53:480 (00033676) > [Render] 		- Mode 21 : 1024 x  768 @ 144 Hz, stereo = 0, hdr = 0 exclusive = 0
15:36:53:480 (00033676) > [Render] 		- Mode 22 : 1024 x  768 @ 240 Hz, stereo = 0, hdr = 0 exclusive = 0
15:36:53:480 (00033676) > [Render] 		- Mode 23 : 1024 x  768 @ 240 Hz, stereo = 0, hdr = 0 exclusive = 0
15:36:53:480 (00033676) > [Render] 		- Mode 24 : 1152 x  864 @  50 Hz, stereo = 0, hdr = 0 exclusive = 0
15:36:53:480 (00033676) > [Render] 		- Mode 25 : 1152 x  864 @  50 Hz, stereo = 0, hdr = 0 exclusive = 0
15:36:53:480 (00033676) > [Render] 		- Mode 26 : 1152 x  864 @  60 Hz, stereo = 0, hdr = 0 exclusive = 0
15:36:53:480 (00033676) > [Render] 		- Mode 27 : 1152 x  864 @  60 Hz, stereo = 0, hdr = 0 exclusive = 0
15:36:53:480 (00033676) > [Render] 		- Mode 28 : 1152 x  864 @ 100 Hz, stereo = 0, hdr = 0 exclusive = 0
15:36:53:480 (00033676) > [Render] 		- Mode 29 : 1152 x  864 @ 100 Hz, stereo = 0, hdr = 0 exclusive = 0
15:36:53:480 (00033676) > [Render] 		- Mode 30 : 1152 x  864 @ 120 Hz, stereo = 0, hdr = 0 exclusive = 0
15:36:53:480 (00033676) > [Render] 		- Mode 31 : 1152 x  864 @ 120 Hz, stereo = 0, hdr = 0 exclusive = 0
15:36:53:480 (00033676) > [Render] 		- Mode 32 : 1152 x  864 @ 144 Hz, stereo = 0, hdr = 0 exclusive = 0
15:36:53:480 (00033676) > [Render] 		- Mode 33 : 1152 x  864 @ 144 Hz, stereo = 0, hdr = 0 exclusive = 0
15:36:53:480 (00033676) > [Render] 		- Mode 34 : 1152 x  864 @ 240 Hz, stereo = 0, hdr = 0 exclusive = 0
15:36:53:480 (00033676) > [Render] 		- Mode 35 : 1152 x  864 @ 240 Hz, stereo = 0, hdr = 0 exclusive = 0
15:36:53:480 (00033676) > [Render] 		- Mode 36 : 1280 x  720 @  50 Hz, stereo = 0, hdr = 0 exclusive = 0
15:36:53:480 (00033676) > [Render] 		- Mode 37 : 1280 x  720 @  50 Hz, stereo = 0, hdr = 0 exclusive = 0
15:36:53:480 (00033676) > [Render] 		- Mode 38 : 1280 x  720 @  60 Hz, stereo = 0, hdr = 0 exclusive = 0
15:36:53:480 (00033676) > [Render] 		- Mode 39 : 1280 x  720 @  60 Hz, stereo = 0, hdr = 0 exclusive = 0
15:36:53:480 (00033676) > [Render] 		- Mode 40 : 1280 x  720 @ 100 Hz, stereo = 0, hdr = 0 exclusive = 0
15:36:53:480 (00033676) > [Render] 		- Mode 41 : 1280 x  720 @ 100 Hz, stereo = 0, hdr = 0 exclusive = 0
15:36:53:480 (00033676) > [Render] 		- Mode 42 : 1280 x  720 @ 120 Hz, stereo = 0, hdr = 0 exclusive = 0
15:36:53:480 (00033676) > [Render] 		- Mode 43 : 1280 x  720 @ 120 Hz, stereo = 0, hdr = 0 exclusive = 0
15:36:53:480 (00033676) > [Render] 		- Mode 44 : 1280 x  720 @ 144 Hz, stereo = 0, hdr = 0 exclusive = 0
15:36:53:480 (00033676) > [Render] 		- Mode 45 : 1280 x  720 @ 144 Hz, stereo = 0, hdr = 0 exclusive = 0
15:36:53:480 (00033676) > [Render] 		- Mode 46 : 1280 x  720 @ 240 Hz, stereo = 0, hdr = 0 exclusive = 0
15:36:53:480 (00033676) > [Render] 		- Mode 47 : 1280 x  720 @ 240 Hz, stereo = 0, hdr = 0 exclusive = 0
15:36:53:480 (00033676) > [Render] 		- Mode 48 : 1280 x  768 @  50 Hz, stereo = 0, hdr = 0 exclusive = 0
15:36:53:480 (00033676) > [Render] 		- Mode 49 : 1280 x  768 @  50 Hz, stereo = 0, hdr = 0 exclusive = 0
15:36:53:480 (00033676) > [Render] 		- Mode 50 : 1280 x  768 @  60 Hz, stereo = 0, hdr = 0 exclusive = 0
15:36:53:480 (00033676) > [Render] 		- Mode 51 : 1280 x  768 @  60 Hz, stereo = 0, hdr = 0 exclusive = 0
15:36:53:480 (00033676) > [Render] 		- Mode 52 : 1280 x  768 @ 100 Hz, stereo = 0, hdr = 0 exclusive = 0
15:36:53:480 (00033676) > [Render] 		- Mode 53 : 1280 x  768 @ 100 Hz, stereo = 0, hdr = 0 exclusive = 0
15:36:53:480 (00033676) > [Render] 		- Mode 54 : 1280 x  768 @ 120 Hz, stereo = 0, hdr = 0 exclusive = 0
15:36:53:480 (00033676) > [Render] 		- Mode 55 : 1280 x  768 @ 120 Hz, stereo = 0, hdr = 0 exclusive = 0
15:36:53:480 (00033676) > [Render] 		- Mode 56 : 1280 x  768 @ 144 Hz, stereo = 0, hdr = 0 exclusive = 0
15:36:53:480 (00033676) > [Render] 		- Mode 57 : 1280 x  768 @ 144 Hz, stereo = 0, hdr = 0 exclusive = 0
15:36:53:480 (00033676) > [Render] 		- Mode 58 : 1280 x  768 @ 240 Hz, stereo = 0, hdr = 0 exclusive = 0
15:36:53:480 (00033676) > [Render] 		- Mode 59 : 1280 x  768 @ 240 Hz, stereo = 0, hdr = 0 exclusive = 0
15:36:53:480 (00033676) > [Render] 		- Mode 60 : 1280 x  800 @  50 Hz, stereo = 0, hdr = 0 exclusive = 0
15:36:53:480 (00033676) > [Render] 		- Mode 61 : 1280 x  800 @  50 Hz, stereo = 0, hdr = 0 exclusive = 0
15:36:53:480 (00033676) > [Render] 		- Mode 62 : 1280 x  800 @  60 Hz, stereo = 0, hdr = 0 exclusive = 0
15:36:53:480 (00033676) > [Render] 		- Mode 63 : 1280 x  800 @  60 Hz, stereo = 0, hdr = 0 exclusive = 0
15:36:53:480 (00033676) > [Render] 		- Mode 64 : 1280 x  800 @ 100 Hz, stereo = 0, hdr = 0 exclusive = 0
15:36:53:480 (00033676) > [Render] 		- Mode 65 : 1280 x  800 @ 100 Hz, stereo = 0, hdr = 0 exclusive = 0
15:36:53:480 (00033676) > [Render] 		- Mode 66 : 1280 x  800 @ 120 Hz, stereo = 0, hdr = 0 exclusive = 0
15:36:53:480 (00033676) > [Render] 		- Mode 67 : 1280 x  800 @ 120 Hz, stereo = 0, hdr = 0 exclusive = 0
15:36:53:480 (00033676) > [Render] 		- Mode 68 : 1280 x  800 @ 144 Hz, stereo = 0, hdr = 0 exclusive = 0
15:36:53:480 (00033676) > [Render] 		- Mode 69 : 1280 x  800 @ 144 Hz, stereo = 0, hdr = 0 exclusive = 0
15:36:53:480 (00033676) > [Render] 		- Mode 70 : 1280 x  800 @ 240 Hz, stereo = 0, hdr = 0 exclusive = 0
15:36:53:480 (00033676) > [Render] 		- Mode 71 : 1280 x  800 @ 240 Hz, stereo = 0, hdr = 0 exclusive = 0
15:36:53:480 (00033676) > [Render] 		- Mode 72 : 1280 x  960 @  50 Hz, stereo = 0, hdr = 0 exclusive = 0
15:36:53:480 (00033676) > [Render] 		- Mode 73 : 1280 x  960 @  50 Hz, stereo = 0, hdr = 0 exclusive = 0
15:36:53:480 (00033676) > [Render] 		- Mode 74 : 1280 x  960 @  60 Hz, stereo = 0, hdr = 0 exclusive = 0
15:36:53:480 (00033676) > [Render] 		- Mode 75 : 1280 x  960 @  60 Hz, stereo = 0, hdr = 0 exclusive = 0
15:36:53:480 (00033676) > [Render] 		- Mode 76 : 1280 x  960 @ 100 Hz, stereo = 0, hdr = 0 exclusive = 0
15:36:53:480 (00033676) > [Render] 		- Mode 77 : 1280 x  960 @ 100 Hz, stereo = 0, hdr = 0 exclusive = 0
15:36:53:480 (00033676) > [Render] 		- Mode 78 : 1280 x  960 @ 120 Hz, stereo = 0, hdr = 0 exclusive = 0
15:36:53:480 (00033676) > [Render] 		- Mode 79 : 1280 x  960 @ 120 Hz, stereo = 0, hdr = 0 exclusive = 0
15:36:53:480 (00033676) > [Render] 		- Mode 80 : 1280 x  960 @ 144 Hz, stereo = 0, hdr = 0 exclusive = 0
15:36:53:480 (00033676) > [Render] 		- Mode 81 : 1280 x  960 @ 144 Hz, stereo = 0, hdr = 0 exclusive = 0
15:36:53:480 (00033676) > [Render] 		- Mode 82 : 1280 x  960 @ 240 Hz, stereo = 0, hdr = 0 exclusive = 0
15:36:53:480 (00033676) > [Render] 		- Mode 83 : 1280 x  960 @ 240 Hz, stereo = 0, hdr = 0 exclusive = 0
15:36:53:480 (00033676) > [Render] 		- Mode 84 : 1280 x 1024 @  50 Hz, stereo = 0, hdr = 0 exclusive = 0
15:36:53:480 (00033676) > [Render] 		- Mode 85 : 1280 x 1024 @  50 Hz, stereo = 0, hdr = 0 exclusive = 0
15:36:53:480 (00033676) > [Render] 		- Mode 86 : 1280 x 1024 @  60 Hz, stereo = 0, hdr = 0 exclusive = 0
15:36:53:480 (00033676) > [Render] 		- Mode 87 : 1280 x 1024 @  60 Hz, stereo = 0, hdr = 0 exclusive = 0
15:36:53:480 (00033676) > [Render] 		- Mode 88 : 1280 x 1024 @ 100 Hz, stereo = 0, hdr = 0 exclusive = 0
15:36:53:480 (00033676) > [Render] 		- Mode 89 : 1280 x 1024 @ 100 Hz, stereo = 0, hdr = 0 exclusive = 0
15:36:53:480 (00033676) > [Render] 		- Mode 90 : 1280 x 1024 @ 120 Hz, stereo = 0, hdr = 0 exclusive = 0
15:36:53:480 (00033676) > [Render] 		- Mode 91 : 1280 x 1024 @ 120 Hz, stereo = 0, hdr = 0 exclusive = 0
15:36:53:480 (00033676) > [Render] 		- Mode 92 : 1280 x 1024 @ 144 Hz, stereo = 0, hdr = 0 exclusive = 0
15:36:53:480 (00033676) > [Render] 		- Mode 93 : 1280 x 1024 @ 144 Hz, stereo = 0, hdr = 0 exclusive = 0
15:36:53:480 (00033676) > [Render] 		- Mode 94 : 1280 x 1024 @ 240 Hz, stereo = 0, hdr = 0 exclusive = 0
15:36:53:480 (00033676) > [Render] 		- Mode 95 : 1280 x 1024 @ 240 Hz, stereo = 0, hdr = 0 exclusive = 0
15:36:53:480 (00033676) > [Render] 		- Mode 96 : 1360 x  768 @  50 Hz, stereo = 0, hdr = 0 exclusive = 0
15:36:53:480 (00033676) > [Render] 		- Mode 97 : 1360 x  768 @  50 Hz, stereo = 0, hdr = 0 exclusive = 0
15:36:53:480 (00033676) > [Render] 		- Mode 98 : 1360 x  768 @  60 Hz, stereo = 0, hdr = 0 exclusive = 0
15:36:53:480 (00033676) > [Render] 		- Mode 99 : 1360 x  768 @  60 Hz, stereo = 0, hdr = 0 exclusive = 0
15:36:53:480 (00033676) > [Render] 		- Mode 100 : 1360 x  768 @ 100 Hz, stereo = 0, hdr = 0 exclusive = 0
15:36:53:480 (00033676) > [Render] 		- Mode 101 : 1360 x  768 @ 100 Hz, stereo = 0, hdr = 0 exclusive = 0
15:36:53:480 (00033676) > [Render] 		- Mode 102 : 1360 x  768 @ 120 Hz, stereo = 0, hdr = 0 exclusive = 0
15:36:53:480 (00033676) > [Render] 		- Mode 103 : 1360 x  768 @ 120 Hz, stereo = 0, hdr = 0 exclusive = 0
15:36:53:480 (00033676) > [Render] 		- Mode 104 : 1360 x  768 @ 144 Hz, stereo = 0, hdr = 0 exclusive = 0
15:36:53:480 (00033676) > [Render] 		- Mode 105 : 1360 x  768 @ 144 Hz, stereo = 0, hdr = 0 exclusive = 0
15:36:53:480 (00033676) > [Render] 		- Mode 106 : 1360 x  768 @ 240 Hz, stereo = 0, hdr = 0 exclusive = 0
15:36:53:480 (00033676) > [Render] 		- Mode 107 : 1360 x  768 @ 240 Hz, stereo = 0, hdr = 0 exclusive = 0
15:36:53:480 (00033676) > [Render] 		- Mode 108 : 1366 x  768 @  50 Hz, stereo = 0, hdr = 0 exclusive = 0
15:36:53:480 (00033676) > [Render] 		- Mode 109 : 1366 x  768 @  50 Hz, stereo = 0, hdr = 0 exclusive = 0
15:36:53:480 (00033676) > [Render] 		- Mode 110 : 1366 x  768 @  60 Hz, stereo = 0, hdr = 0 exclusive = 0
15:36:53:480 (00033676) > [Render] 		- Mode 111 : 1366 x  768 @  60 Hz, stereo = 0, hdr = 0 exclusive = 0
15:36:53:480 (00033676) > [Render] 		- Mode 112 : 1366 x  768 @ 100 Hz, stereo = 0, hdr = 0 exclusive = 0
15:36:53:480 (00033676) > [Render] 		- Mode 113 : 1366 x  768 @ 100 Hz, stereo = 0, hdr = 0 exclusive = 0
15:36:53:480 (00033676) > [Render] 		- Mode 114 : 1366 x  768 @ 120 Hz, stereo = 0, hdr = 0 exclusive = 0
15:36:53:480 (00033676) > [Render] 		- Mode 115 : 1366 x  768 @ 120 Hz, stereo = 0, hdr = 0 exclusive = 0
15:36:53:480 (00033676) > [Render] 		- Mode 116 : 1366 x  768 @ 144 Hz, stereo = 0, hdr = 0 exclusive = 0
15:36:53:480 (00033676) > [Render] 		- Mode 117 : 1366 x  768 @ 144 Hz, stereo = 0, hdr = 0 exclusive = 0
15:36:53:480 (00033676) > [Render] 		- Mode 118 : 1366 x  768 @ 240 Hz, stereo = 0, hdr = 0 exclusive = 0
15:36:53:480 (00033676) > [Render] 		- Mode 119 : 1366 x  768 @ 240 Hz, stereo = 0, hdr = 0 exclusive = 0
15:36:53:480 (00033676) > [Render] 		- Mode 120 : 1440 x  900 @  50 Hz, stereo = 0, hdr = 0 exclusive = 0
15:36:53:480 (00033676) > [Render] 		- Mode 121 : 1440 x  900 @  50 Hz, stereo = 0, hdr = 0 exclusive = 0
15:36:53:480 (00033676) > [Render] 		- Mode 122 : 1440 x  900 @  60 Hz, stereo = 0, hdr = 0 exclusive = 0
15:36:53:480 (00033676) > [Render] 		- Mode 123 : 1440 x  900 @  60 Hz, stereo = 0, hdr = 0 exclusive = 0
15:36:53:480 (00033676) > [Render] 		- Mode 124 : 1440 x  900 @ 100 Hz, stereo = 0, hdr = 0 exclusive = 0
15:36:53:480 (00033676) > [Render] 		- Mode 125 : 1440 x  900 @ 100 Hz, stereo = 0, hdr = 0 exclusive = 0
15:36:53:480 (00033676) > [Render] 		- Mode 126 : 1440 x  900 @ 120 Hz, stereo = 0, hdr = 0 exclusive = 0
15:36:53:480 (00033676) > [Render] 		- Mode 127 : 1440 x  900 @ 120 Hz, stereo = 0, hdr = 0 exclusive = 0
15:36:53:480 (00033676) > [Render] 		- Mode 128 : 1440 x  900 @ 144 Hz, stereo = 0, hdr = 0 exclusive = 0
15:36:53:480 (00033676) > [Render] 		- Mode 129 : 1440 x  900 @ 144 Hz, stereo = 0, hdr = 0 exclusive = 0
15:36:53:480 (00033676) > [Render] 		- Mode 130 : 1440 x  900 @ 240 Hz, stereo = 0, hdr = 0 exclusive = 0
15:36:53:480 (00033676) > [Render] 		- Mode 131 : 1440 x  900 @ 240 Hz, stereo = 0, hdr = 0 exclusive = 0
15:36:53:480 (00033676) > [Render] 		- Mode 132 : 1440 x 1080 @  50 Hz, stereo = 0, hdr = 0 exclusive = 0
15:36:53:480 (00033676) > [Render] 		- Mode 133 : 1440 x 1080 @  50 Hz, stereo = 0, hdr = 0 exclusive = 0
15:36:53:480 (00033676) > [Render] 		- Mode 134 : 1440 x 1080 @  60 Hz, stereo = 0, hdr = 0 exclusive = 0
15:36:53:480 (00033676) > [Render] 		- Mode 135 : 1440 x 1080 @  60 Hz, stereo = 0, hdr = 0 exclusive = 0
15:36:53:480 (00033676) > [Render] 		- Mode 136 : 1440 x 1080 @ 100 Hz, stereo = 0, hdr = 0 exclusive = 0
15:36:53:480 (00033676) > [Render] 		- Mode 137 : 1440 x 1080 @ 100 Hz, stereo = 0, hdr = 0 exclusive = 0
15:36:53:480 (00033676) > [Render] 		- Mode 138 : 1440 x 1080 @ 120 Hz, stereo = 0, hdr = 0 exclusive = 0
15:36:53:480 (00033676) > [Render] 		- Mode 139 : 1440 x 1080 @ 120 Hz, stereo = 0, hdr = 0 exclusive = 0
15:36:53:480 (00033676) > [Render] 		- Mode 140 : 1440 x 1080 @ 144 Hz, stereo = 0, hdr = 0 exclusive = 0
15:36:53:480 (00033676) > [Render] 		- Mode 141 : 1440 x 1080 @ 144 Hz, stereo = 0, hdr = 0 exclusive = 0
15:36:53:480 (00033676) > [Render] 		- Mode 142 : 1440 x 1080 @ 240 Hz, stereo = 0, hdr = 0 exclusive = 0
15:36:53:480 (00033676) > [Render] 		- Mode 143 : 1440 x 1080 @ 240 Hz, stereo = 0, hdr = 0 exclusive = 0
15:36:53:480 (00033676) > [Render] 		- Mode 144 : 1600 x  900 @  50 Hz, stereo = 0, hdr = 0 exclusive = 0
15:36:53:480 (00033676) > [Render] 		- Mode 145 : 1600 x  900 @  50 Hz, stereo = 0, hdr = 0 exclusive = 0
15:36:53:480 (00033676) > [Render] 		- Mode 146 : 1600 x  900 @  60 Hz, stereo = 0, hdr = 0 exclusive = 0
15:36:53:480 (00033676) > [Render] 		- Mode 147 : 1600 x  900 @  60 Hz, stereo = 0, hdr = 0 exclusive = 0
15:36:53:480 (00033676) > [Render] 		- Mode 148 : 1600 x  900 @ 100 Hz, stereo = 0, hdr = 0 exclusive = 0
15:36:53:480 (00033676) > [Render] 		- Mode 149 : 1600 x  900 @ 100 Hz, stereo = 0, hdr = 0 exclusive = 0
15:36:53:480 (00033676) > [Render] 		- Mode 150 : 1600 x  900 @ 120 Hz, stereo = 0, hdr = 0 exclusive = 0
15:36:53:480 (00033676) > [Render] 		- Mode 151 : 1600 x  900 @ 120 Hz, stereo = 0, hdr = 0 exclusive = 0
15:36:53:480 (00033676) > [Render] 		- Mode 152 : 1600 x  900 @ 144 Hz, stereo = 0, hdr = 0 exclusive = 0
15:36:53:480 (00033676) > [Render] 		- Mode 153 : 1600 x  900 @ 144 Hz, stereo = 0, hdr = 0 exclusive = 0
15:36:53:480 (00033676) > [Render] 		- Mode 154 : 1600 x  900 @ 240 Hz, stereo = 0, hdr = 0 exclusive = 0
15:36:53:480 (00033676) > [Render] 		- Mode 155 : 1600 x  900 @ 240 Hz, stereo = 0, hdr = 0 exclusive = 0
15:36:53:480 (00033676) > [Render] 		- Mode 156 : 1600 x 1024 @  50 Hz, stereo = 0, hdr = 0 exclusive = 0
15:36:53:480 (00033676) > [Render] 		- Mode 157 : 1600 x 1024 @  50 Hz, stereo = 0, hdr = 0 exclusive = 0
15:36:53:480 (00033676) > [Render] 		- Mode 158 : 1600 x 1024 @  60 Hz, stereo = 0, hdr = 0 exclusive = 0
15:36:53:480 (00033676) > [Render] 		- Mode 159 : 1600 x 1024 @  60 Hz, stereo = 0, hdr = 0 exclusive = 0
15:36:53:480 (00033676) > [Render] 		- Mode 160 : 1600 x 1024 @ 100 Hz, stereo = 0, hdr = 0 exclusive = 0
15:36:53:480 (00033676) > [Render] 		- Mode 161 : 1600 x 1024 @ 100 Hz, stereo = 0, hdr = 0 exclusive = 0
15:36:53:480 (00033676) > [Render] 		- Mode 162 : 1600 x 1024 @ 120 Hz, stereo = 0, hdr = 0 exclusive = 0
15:36:53:480 (00033676) > [Render] 		- Mode 163 : 1600 x 1024 @ 120 Hz, stereo = 0, hdr = 0 exclusive = 0
15:36:53:480 (00033676) > [Render] 		- Mode 164 : 1600 x 1024 @ 144 Hz, stereo = 0, hdr = 0 exclusive = 0
15:36:53:480 (00033676) > [Render] 		- Mode 165 : 1600 x 1024 @ 144 Hz, stereo = 0, hdr = 0 exclusive = 0
15:36:53:480 (00033676) > [Render] 		- Mode 166 : 1600 x 1024 @ 240 Hz, stereo = 0, hdr = 0 exclusive = 0
15:36:53:480 (00033676) > [Render] 		- Mode 167 : 1600 x 1024 @ 240 Hz, stereo = 0, hdr = 0 exclusive = 0
15:36:53:480 (00033676) > [Render] 		- Mode 168 : 1600 x 1200 @  50 Hz, stereo = 0, hdr = 0 exclusive = 0
15:36:53:480 (00033676) > [Render] 		- Mode 169 : 1600 x 1200 @  50 Hz, stereo = 0, hdr = 0 exclusive = 0
15:36:53:480 (00033676) > [Render] 		- Mode 170 : 1600 x 1200 @  60 Hz, stereo = 0, hdr = 0 exclusive = 0
15:36:53:480 (00033676) > [Render] 		- Mode 171 : 1600 x 1200 @  60 Hz, stereo = 0, hdr = 0 exclusive = 0
15:36:53:480 (00033676) > [Render] 		- Mode 172 : 1600 x 1200 @ 100 Hz, stereo = 0, hdr = 0 exclusive = 0
15:36:53:480 (00033676) > [Render] 		- Mode 173 : 1600 x 1200 @ 100 Hz, stereo = 0, hdr = 0 exclusive = 0
15:36:53:480 (00033676) > [Render] 		- Mode 174 : 1600 x 1200 @ 120 Hz, stereo = 0, hdr = 0 exclusive = 0
15:36:53:480 (00033676) > [Render] 		- Mode 175 : 1600 x 1200 @ 120 Hz, stereo = 0, hdr = 0 exclusive = 0
15:36:53:480 (00033676) > [Render] 		- Mode 176 : 1600 x 1200 @ 144 Hz, stereo = 0, hdr = 0 exclusive = 0
15:36:53:480 (00033676) > [Render] 		- Mode 177 : 1600 x 1200 @ 144 Hz, stereo = 0, hdr = 0 exclusive = 0
15:36:53:480 (00033676) > [Render] 		- Mode 178 : 1600 x 1200 @ 240 Hz, stereo = 0, hdr = 0 exclusive = 0
15:36:53:480 (00033676) > [Render] 		- Mode 179 : 1600 x 1200 @ 240 Hz, stereo = 0, hdr = 0 exclusive = 0
15:36:53:480 (00033676) > [Render] 		- Mode 180 : 1680 x 1050 @  50 Hz, stereo = 0, hdr = 0 exclusive = 0
15:36:53:480 (00033676) > [Render] 		- Mode 181 : 1680 x 1050 @  50 Hz, stereo = 0, hdr = 0 exclusive = 0
15:36:53:480 (00033676) > [Render] 		- Mode 182 : 1680 x 1050 @  60 Hz, stereo = 0, hdr = 0 exclusive = 0
15:36:53:480 (00033676) > [Render] 		- Mode 183 : 1680 x 1050 @  60 Hz, stereo = 0, hdr = 0 exclusive = 0
15:36:53:480 (00033676) > [Render] 		- Mode 184 : 1680 x 1050 @ 100 Hz, stereo = 0, hdr = 0 exclusive = 0
15:36:53:480 (00033676) > [Render] 		- Mode 185 : 1680 x 1050 @ 100 Hz, stereo = 0, hdr = 0 exclusive = 0
15:36:53:480 (00033676) > [Render] 		- Mode 186 : 1680 x 1050 @ 120 Hz, stereo = 0, hdr = 0 exclusive = 0
15:36:53:480 (00033676) > [Render] 		- Mode 187 : 1680 x 1050 @ 120 Hz, stereo = 0, hdr = 0 exclusive = 0
15:36:53:480 (00033676) > [Render] 		- Mode 188 : 1680 x 1050 @ 144 Hz, stereo = 0, hdr = 0 exclusive = 0
15:36:53:480 (00033676) > [Render] 		- Mode 189 : 1680 x 1050 @ 144 Hz, stereo = 0, hdr = 0 exclusive = 0
15:36:53:480 (00033676) > [Render] 		- Mode 190 : 1680 x 1050 @ 240 Hz, stereo = 0, hdr = 0 exclusive = 0
15:36:53:480 (00033676) > [Render] 		- Mode 191 : 1680 x 1050 @ 240 Hz, stereo = 0, hdr = 0 exclusive = 0
15:36:53:480 (00033676) > [Render] 		- Mode 192 : 1920 x 1080 @  50 Hz, stereo = 0, hdr = 0 exclusive = 0
15:36:53:480 (00033676) > [Render] 		- Mode 193 : 1920 x 1080 @  50 Hz, stereo = 0, hdr = 0 exclusive = 0
15:36:53:480 (00033676) > [Render] 		- Mode 194 : 1920 x 1080 @  60 Hz, stereo = 0, hdr = 0 exclusive = 0
15:36:53:480 (00033676) > [Render] 		- Mode 195 : 1920 x 1080 @  60 Hz, stereo = 0, hdr = 0 exclusive = 0
15:36:53:480 (00033676) > [Render] 		- Mode 196 : 1920 x 1080 @ 100 Hz, stereo = 0, hdr = 0 exclusive = 0
15:36:53:480 (00033676) > [Render] 		- Mode 197 : 1920 x 1080 @ 100 Hz, stereo = 0, hdr = 0 exclusive = 0
15:36:53:480 (00033676) > [Render] 		- Mode 198 : 1920 x 1080 @ 120 Hz, stereo = 0, hdr = 0 exclusive = 0
15:36:53:480 (00033676) > [Render] 		- Mode 199 : 1920 x 1080 @ 120 Hz, stereo = 0, hdr = 0 exclusive = 0
15:36:53:480 (00033676) > [Render] 		- Mode 200 : 1920 x 1080 @ 144 Hz, stereo = 0, hdr = 0 exclusive = 0
15:36:53:480 (00033676) > [Render] 		- Mode 201 : 1920 x 1080 @ 144 Hz, stereo = 0, hdr = 0 exclusive = 0
15:36:53:480 (00033676) > [Render] 		- Mode 202 : 1920 x 1080 @ 240 Hz, stereo = 0, hdr = 0 exclusive = 0
15:36:53:480 (00033676) > [Render] 		- Mode 203 : 1920 x 1080 @ 240 Hz, stereo = 0, hdr = 0 exclusive = 0
15:36:53:480 (00033676) > [Render] 		- Mode 204 : 1920 x 1200 @  50 Hz, stereo = 0, hdr = 0 exclusive = 0
15:36:53:480 (00033676) > [Render] 		- Mode 205 : 1920 x 1200 @  50 Hz, stereo = 0, hdr = 0 exclusive = 0
15:36:53:480 (00033676) > [Render] 		- Mode 206 : 1920 x 1200 @  60 Hz, stereo = 0, hdr = 0 exclusive = 0
15:36:53:480 (00033676) > [Render] 		- Mode 207 : 1920 x 1200 @  60 Hz, stereo = 0, hdr = 0 exclusive = 0
15:36:53:480 (00033676) > [Render] 		- Mode 208 : 1920 x 1200 @ 100 Hz, stereo = 0, hdr = 0 exclusive = 0
15:36:53:480 (00033676) > [Render] 		- Mode 209 : 1920 x 1200 @ 100 Hz, stereo = 0, hdr = 0 exclusive = 0
15:36:53:480 (00033676) > [Render] 		- Mode 210 : 1920 x 1200 @ 120 Hz, stereo = 0, hdr = 0 exclusive = 0
15:36:53:480 (00033676) > [Render] 		- Mode 211 : 1920 x 1200 @ 120 Hz, stereo = 0, hdr = 0 exclusive = 0
15:36:53:480 (00033676) > [Render] 		- Mode 212 : 1920 x 1200 @ 144 Hz, stereo = 0, hdr = 0 exclusive = 0
15:36:53:480 (00033676) > [Render] 		- Mode 213 : 1920 x 1200 @ 144 Hz, stereo = 0, hdr = 0 exclusive = 0
15:36:53:480 (00033676) > [Render] 		- Mode 214 : 1920 x 1200 @ 240 Hz, stereo = 0, hdr = 0 exclusive = 0
15:36:53:480 (00033676) > [Render] 		- Mode 215 : 1920 x 1200 @ 240 Hz, stereo = 0, hdr = 0 exclusive = 0
15:36:53:480 (00033676) > [Render] 		- Mode 216 : 1920 x 1440 @  50 Hz, stereo = 0, hdr = 0 exclusive = 0
15:36:53:480 (00033676) > [Render] 		- Mode 217 : 1920 x 1440 @  50 Hz, stereo = 0, hdr = 0 exclusive = 0
15:36:53:480 (00033676) > [Render] 		- Mode 218 : 1920 x 1440 @  60 Hz, stereo = 0, hdr = 0 exclusive = 0
15:36:53:480 (00033676) > [Render] 		- Mode 219 : 1920 x 1440 @  60 Hz, stereo = 0, hdr = 0 exclusive = 0
15:36:53:480 (00033676) > [Render] 		- Mode 220 : 1920 x 1440 @ 100 Hz, stereo = 0, hdr = 0 exclusive = 0
15:36:53:480 (00033676) > [Render] 		- Mode 221 : 1920 x 1440 @ 100 Hz, stereo = 0, hdr = 0 exclusive = 0
15:36:53:480 (00033676) > [Render] 		- Mode 222 : 1920 x 1440 @ 120 Hz, stereo = 0, hdr = 0 exclusive = 0
15:36:53:480 (00033676) > [Render] 		- Mode 223 : 1920 x 1440 @ 120 Hz, stereo = 0, hdr = 0 exclusive = 0
15:36:53:481 (00033676) > [Render] 		- Mode 224 : 1920 x 1440 @ 144 Hz, stereo = 0, hdr = 0 exclusive = 0
15:36:53:481 (00033676) > [Render] 		- Mode 225 : 1920 x 1440 @ 144 Hz, stereo = 0, hdr = 0 exclusive = 0
15:36:53:481 (00033676) > [Render] 		- Mode 226 : 1920 x 1440 @ 240 Hz, stereo = 0, hdr = 0 exclusive = 0
15:36:53:481 (00033676) > [Render] 		- Mode 227 : 1920 x 1440 @ 240 Hz, stereo = 0, hdr = 0 exclusive = 0
15:36:53:481 (00033676) > [Render] 		- Mode 228 : 2560 x 1440 @  50 Hz, stereo = 0, hdr = 0 exclusive = 0
15:36:53:481 (00033676) > [Render] 		- Mode 229 : 2560 x 1440 @  50 Hz, stereo = 0, hdr = 0 exclusive = 0
15:36:53:481 (00033676) > [Render] 		- Mode 230 : 2560 x 1440 @  60 Hz, stereo = 0, hdr = 0 exclusive = 0
15:36:53:481 (00033676) > [Render] 		- Mode 231 : 2560 x 1440 @  60 Hz, stereo = 0, hdr = 0 exclusive = 0
15:36:53:481 (00033676) > [Render] 		- Mode 232 : 2560 x 1440 @ 100 Hz, stereo = 0, hdr = 0 exclusive = 0
15:36:53:481 (00033676) > [Render] 		- Mode 233 : 2560 x 1440 @ 100 Hz, stereo = 0, hdr = 0 exclusive = 0
15:36:53:481 (00033676) > [Render] 		- Mode 234 : 2560 x 1440 @ 120 Hz, stereo = 0, hdr = 0 exclusive = 0
15:36:53:481 (00033676) > [Render] 		- Mode 235 : 2560 x 1440 @ 120 Hz, stereo = 0, hdr = 0 exclusive = 0
15:36:53:481 (00033676) > [Render] 		- Mode 236 : 2560 x 1440 @ 144 Hz, stereo = 0, hdr = 0 exclusive = 0
15:36:53:481 (00033676) > [Render] 		- Mode 237 : 2560 x 1440 @ 144 Hz, stereo = 0, hdr = 0 exclusive = 0
15:36:53:481 (00033676) > [Render] 		- Mode 238 : 2560 x 1440 @ 240 Hz, stereo = 0, hdr = 0 exclusive = 0
15:36:53:481 (00033676) > [Render] 		- Mode 239 : 2560 x 1440 @ 240 Hz, stereo = 0, hdr = 0 exclusive = 0
15:36:53:481 (00033676) > [Render] 		- Mode 240 : 3440 x 1440 @  50 Hz, stereo = 0, hdr = 0 exclusive = 0
15:36:53:481 (00033676) > [Render] 		- Mode 241 : 3440 x 1440 @  60 Hz, stereo = 0, hdr = 0 exclusive = 0
15:36:53:481 (00033676) > [Render] 		- Mode 242 : 3440 x 1440 @ 100 Hz, stereo = 0, hdr = 0 exclusive = 0
15:36:53:481 (00033676) > [Render] 		- Mode 243 : 3440 x 1440 @ 120 Hz, stereo = 0, hdr = 0 exclusive = 0
15:36:53:481 (00033676) > [Render] 		- Mode 244 : 3440 x 1440 @ 144 Hz, stereo = 0, hdr = 0 exclusive = 0
15:36:53:481 (00033676) > [Render] 		- Mode 245 : 3440 x 1440 @ 240 Hz, stereo = 0, hdr = 0 exclusive = 0
15:36:53:481 (00033676) > [Render] 		- Mode 246 :  800 x  600 @  50 Hz, stereo = 0, hdr = 1 exclusive = 0
15:36:53:481 (00033676) > [Render] 		- Mode 247 :  800 x  600 @  60 Hz, stereo = 0, hdr = 1 exclusive = 0
15:36:53:481 (00033676) > [Render] 		- Mode 248 :  800 x  600 @ 100 Hz, stereo = 0, hdr = 1 exclusive = 0
15:36:53:481 (00033676) > [Render] 		- Mode 249 :  800 x  600 @ 120 Hz, stereo = 0, hdr = 1 exclusive = 0
15:36:53:481 (00033676) > [Render] 		- Mode 250 :  800 x  600 @ 144 Hz, stereo = 0, hdr = 1 exclusive = 0
15:36:53:481 (00033676) > [Render] 		- Mode 251 :  800 x  600 @ 240 Hz, stereo = 0, hdr = 1 exclusive = 0
15:36:53:481 (00033676) > [Render] 		- Mode 252 : 1024 x  768 @  50 Hz, stereo = 0, hdr = 1 exclusive = 0
15:36:53:481 (00033676) > [Render] 		- Mode 253 : 1024 x  768 @  60 Hz, stereo = 0, hdr = 1 exclusive = 0
15:36:53:481 (00033676) > [Render] 		- Mode 254 : 1024 x  768 @ 100 Hz, stereo = 0, hdr = 1 exclusive = 0
15:36:53:481 (00033676) > [Render] 		- Mode 255 : 1024 x  768 @ 120 Hz, stereo = 0, hdr = 1 exclusive = 0
15:36:53:481 (00033676) > [Render] 		- Mode 256 : 1024 x  768 @ 144 Hz, stereo = 0, hdr = 1 exclusive = 0
15:36:53:481 (00033676) > [Render] 		- Mode 257 : 1024 x  768 @ 240 Hz, stereo = 0, hdr = 1 exclusive = 0
15:36:53:481 (00033676) > [Render] 		- Mode 258 : 1152 x  864 @  50 Hz, stereo = 0, hdr = 1 exclusive = 0
15:36:53:481 (00033676) > [Render] 		- Mode 259 : 1152 x  864 @  60 Hz, stereo = 0, hdr = 1 exclusive = 0
15:36:53:481 (00033676) > [Render] 		- Mode 260 : 1152 x  864 @ 100 Hz, stereo = 0, hdr = 1 exclusive = 0
15:36:53:481 (00033676) > [Render] 		- Mode 261 : 1152 x  864 @ 120 Hz, stereo = 0, hdr = 1 exclusive = 0
15:36:53:481 (00033676) > [Render] 		- Mode 262 : 1152 x  864 @ 144 Hz, stereo = 0, hdr = 1 exclusive = 0
15:36:53:481 (00033676) > [Render] 		- Mode 263 : 1152 x  864 @ 240 Hz, stereo = 0, hdr = 1 exclusive = 0
15:36:53:481 (00033676) > [Render] 		- Mode 264 : 1280 x  720 @  50 Hz, stereo = 0, hdr = 1 exclusive = 0
15:36:53:481 (00033676) > [Render] 		- Mode 265 : 1280 x  720 @  60 Hz, stereo = 0, hdr = 1 exclusive = 0
15:36:53:481 (00033676) > [Render] 		- Mode 266 : 1280 x  720 @ 100 Hz, stereo = 0, hdr = 1 exclusive = 0
15:36:53:481 (00033676) > [Render] 		- Mode 267 : 1280 x  720 @ 120 Hz, stereo = 0, hdr = 1 exclusive = 0
15:36:53:481 (00033676) > [Render] 		- Mode 268 : 1280 x  720 @ 144 Hz, stereo = 0, hdr = 1 exclusive = 0
15:36:53:481 (00033676) > [Render] 		- Mode 269 : 1280 x  720 @ 240 Hz, stereo = 0, hdr = 1 exclusive = 0
15:36:53:481 (00033676) > [Render] 		- Mode 270 : 1280 x  768 @  50 Hz, stereo = 0, hdr = 1 exclusive = 0
15:36:53:481 (00033676) > [Render] 		- Mode 271 : 1280 x  768 @  60 Hz, stereo = 0, hdr = 1 exclusive = 0
15:36:53:481 (00033676) > [Render] 		- Mode 272 : 1280 x  768 @ 100 Hz, stereo = 0, hdr = 1 exclusive = 0
15:36:53:481 (00033676) > [Render] 		- Mode 273 : 1280 x  768 @ 120 Hz, stereo = 0, hdr = 1 exclusive = 0
15:36:53:481 (00033676) > [Render] 		- Mode 274 : 1280 x  768 @ 144 Hz, stereo = 0, hdr = 1 exclusive = 0
15:36:53:481 (00033676) > [Render] 		- Mode 275 : 1280 x  768 @ 240 Hz, stereo = 0, hdr = 1 exclusive = 0
15:36:53:481 (00033676) > [Render] 		- Mode 276 : 1280 x  800 @  50 Hz, stereo = 0, hdr = 1 exclusive = 0
15:36:53:481 (00033676) > [Render] 		- Mode 277 : 1280 x  800 @  60 Hz, stereo = 0, hdr = 1 exclusive = 0
15:36:53:481 (00033676) > [Render] 		- Mode 278 : 1280 x  800 @ 100 Hz, stereo = 0, hdr = 1 exclusive = 0
15:36:53:481 (00033676) > [Render] 		- Mode 279 : 1280 x  800 @ 120 Hz, stereo = 0, hdr = 1 exclusive = 0
15:36:53:481 (00033676) > [Render] 		- Mode 280 : 1280 x  800 @ 144 Hz, stereo = 0, hdr = 1 exclusive = 0
15:36:53:481 (00033676) > [Render] 		- Mode 281 : 1280 x  800 @ 240 Hz, stereo = 0, hdr = 1 exclusive = 0
15:36:53:481 (00033676) > [Render] 		- Mode 282 : 1280 x  960 @  50 Hz, stereo = 0, hdr = 1 exclusive = 0
15:36:53:481 (00033676) > [Render] 		- Mode 283 : 1280 x  960 @  60 Hz, stereo = 0, hdr = 1 exclusive = 0
15:36:53:481 (00033676) > [Render] 		- Mode 284 : 1280 x  960 @ 100 Hz, stereo = 0, hdr = 1 exclusive = 0
15:36:53:481 (00033676) > [Render] 		- Mode 285 : 1280 x  960 @ 120 Hz, stereo = 0, hdr = 1 exclusive = 0
15:36:53:481 (00033676) > [Render] 		- Mode 286 : 1280 x  960 @ 144 Hz, stereo = 0, hdr = 1 exclusive = 0
15:36:53:481 (00033676) > [Render] 		- Mode 287 : 1280 x  960 @ 240 Hz, stereo = 0, hdr = 1 exclusive = 0
15:36:53:481 (00033676) > [Render] 		- Mode 288 : 1280 x 1024 @  50 Hz, stereo = 0, hdr = 1 exclusive = 0
15:36:53:481 (00033676) > [Render] 		- Mode 289 : 1280 x 1024 @  60 Hz, stereo = 0, hdr = 1 exclusive = 0
15:36:53:481 (00033676) > [Render] 		- Mode 290 : 1280 x 1024 @ 100 Hz, stereo = 0, hdr = 1 exclusive = 0
15:36:53:481 (00033676) > [Render] 		- Mode 291 : 1280 x 1024 @ 120 Hz, stereo = 0, hdr = 1 exclusive = 0
15:36:53:481 (00033676) > [Render] 		- Mode 292 : 1280 x 1024 @ 144 Hz, stereo = 0, hdr = 1 exclusive = 0
15:36:53:481 (00033676) > [Render] 		- Mode 293 : 1280 x 1024 @ 240 Hz, stereo = 0, hdr = 1 exclusive = 0
15:36:53:481 (00033676) > [Render] 		- Mode 294 : 1360 x  768 @  50 Hz, stereo = 0, hdr = 1 exclusive = 0
15:36:53:481 (00033676) > [Render] 		- Mode 295 : 1360 x  768 @  60 Hz, stereo = 0, hdr = 1 exclusive = 0
15:36:53:481 (00033676) > [Render] 		- Mode 296 : 1360 x  768 @ 100 Hz, stereo = 0, hdr = 1 exclusive = 0
15:36:53:481 (00033676) > [Render] 		- Mode 297 : 1360 x  768 @ 120 Hz, stereo = 0, hdr = 1 exclusive = 0
15:36:53:481 (00033676) > [Render] 		- Mode 298 : 1360 x  768 @ 144 Hz, stereo = 0, hdr = 1 exclusive = 0
15:36:53:481 (00033676) > [Render] 		- Mode 299 : 1360 x  768 @ 240 Hz, stereo = 0, hdr = 1 exclusive = 0
15:36:53:481 (00033676) > [Render] 		- Mode 300 : 1366 x  768 @  50 Hz, stereo = 0, hdr = 1 exclusive = 0
15:36:53:481 (00033676) > [Render] 		- Mode 301 : 1366 x  768 @  60 Hz, stereo = 0, hdr = 1 exclusive = 0
15:36:53:481 (00033676) > [Render] 		- Mode 302 : 1366 x  768 @ 100 Hz, stereo = 0, hdr = 1 exclusive = 0
15:36:53:481 (00033676) > [Render] 		- Mode 303 : 1366 x  768 @ 120 Hz, stereo = 0, hdr = 1 exclusive = 0
15:36:53:481 (00033676) > [Render] 		- Mode 304 : 1366 x  768 @ 144 Hz, stereo = 0, hdr = 1 exclusive = 0
15:36:53:481 (00033676) > [Render] 		- Mode 305 : 1366 x  768 @ 240 Hz, stereo = 0, hdr = 1 exclusive = 0
15:36:53:481 (00033676) > [Render] 		- Mode 306 : 1440 x  900 @  50 Hz, stereo = 0, hdr = 1 exclusive = 0
15:36:53:481 (00033676) > [Render] 		- Mode 307 : 1440 x  900 @  60 Hz, stereo = 0, hdr = 1 exclusive = 0
15:36:53:481 (00033676) > [Render] 		- Mode 308 : 1440 x  900 @ 100 Hz, stereo = 0, hdr = 1 exclusive = 0
15:36:53:481 (00033676) > [Render] 		- Mode 309 : 1440 x  900 @ 120 Hz, stereo = 0, hdr = 1 exclusive = 0
15:36:53:481 (00033676) > [Render] 		- Mode 310 : 1440 x  900 @ 144 Hz, stereo = 0, hdr = 1 exclusive = 0
15:36:53:481 (00033676) > [Render] 		- Mode 311 : 1440 x  900 @ 240 Hz, stereo = 0, hdr = 1 exclusive = 0
15:36:53:481 (00033676) > [Render] 		- Mode 312 : 1440 x 1080 @  50 Hz, stereo = 0, hdr = 1 exclusive = 0
15:36:53:481 (00033676) > [Render] 		- Mode 313 : 1440 x 1080 @  60 Hz, stereo = 0, hdr = 1 exclusive = 0
15:36:53:481 (00033676) > [Render] 		- Mode 314 : 1440 x 1080 @ 100 Hz, stereo = 0, hdr = 1 exclusive = 0
15:36:53:481 (00033676) > [Render] 		- Mode 315 : 1440 x 1080 @ 120 Hz, stereo = 0, hdr = 1 exclusive = 0
15:36:53:481 (00033676) > [Render] 		- Mode 316 : 1440 x 1080 @ 144 Hz, stereo = 0, hdr = 1 exclusive = 0
15:36:53:481 (00033676) > [Render] 		- Mode 317 : 1440 x 1080 @ 240 Hz, stereo = 0, hdr = 1 exclusive = 0
15:36:53:481 (00033676) > [Render] 		- Mode 318 : 1600 x  900 @  50 Hz, stereo = 0, hdr = 1 exclusive = 0
15:36:53:481 (00033676) > [Render] 		- Mode 319 : 1600 x  900 @  60 Hz, stereo = 0, hdr = 1 exclusive = 0
15:36:53:481 (00033676) > [Render] 		- Mode 320 : 1600 x  900 @ 100 Hz, stereo = 0, hdr = 1 exclusive = 0
15:36:53:481 (00033676) > [Render] 		- Mode 321 : 1600 x  900 @ 120 Hz, stereo = 0, hdr = 1 exclusive = 0
15:36:53:481 (00033676) > [Render] 		- Mode 322 : 1600 x  900 @ 144 Hz, stereo = 0, hdr = 1 exclusive = 0
15:36:53:481 (00033676) > [Render] 		- Mode 323 : 1600 x  900 @ 240 Hz, stereo = 0, hdr = 1 exclusive = 0
15:36:53:481 (00033676) > [Render] 		- Mode 324 : 1600 x 1024 @  50 Hz, stereo = 0, hdr = 1 exclusive = 0
15:36:53:481 (00033676) > [Render] 		- Mode 325 : 1600 x 1024 @  60 Hz, stereo = 0, hdr = 1 exclusive = 0
15:36:53:481 (00033676) > [Render] 		- Mode 326 : 1600 x 1024 @ 100 Hz, stereo = 0, hdr = 1 exclusive = 0
15:36:53:481 (00033676) > [Render] 		- Mode 327 : 1600 x 1024 @ 120 Hz, stereo = 0, hdr = 1 exclusive = 0
15:36:53:481 (00033676) > [Render] 		- Mode 328 : 1600 x 1024 @ 144 Hz, stereo = 0, hdr = 1 exclusive = 0
15:36:53:481 (00033676) > [Render] 		- Mode 329 : 1600 x 1024 @ 240 Hz, stereo = 0, hdr = 1 exclusive = 0
15:36:53:481 (00033676) > [Render] 		- Mode 330 : 1600 x 1200 @  50 Hz, stereo = 0, hdr = 1 exclusive = 0
15:36:53:481 (00033676) > [Render] 		- Mode 331 : 1600 x 1200 @  60 Hz, stereo = 0, hdr = 1 exclusive = 0
15:36:53:481 (00033676) > [Render] 		- Mode 332 : 1600 x 1200 @ 100 Hz, stereo = 0, hdr = 1 exclusive = 0
15:36:53:481 (00033676) > [Render] 		- Mode 333 : 1600 x 1200 @ 120 Hz, stereo = 0, hdr = 1 exclusive = 0
15:36:53:481 (00033676) > [Render] 		- Mode 334 : 1600 x 1200 @ 144 Hz, stereo = 0, hdr = 1 exclusive = 0
15:36:53:481 (00033676) > [Render] 		- Mode 335 : 1600 x 1200 @ 240 Hz, stereo = 0, hdr = 1 exclusive = 0
15:36:53:481 (00033676) > [Render] 		- Mode 336 : 1680 x 1050 @  50 Hz, stereo = 0, hdr = 1 exclusive = 0
15:36:53:481 (00033676) > [Render] 		- Mode 337 : 1680 x 1050 @  60 Hz, stereo = 0, hdr = 1 exclusive = 0
15:36:53:481 (00033676) > [Render] 		- Mode 338 : 1680 x 1050 @ 100 Hz, stereo = 0, hdr = 1 exclusive = 0
15:36:53:481 (00033676) > [Render] 		- Mode 339 : 1680 x 1050 @ 120 Hz, stereo = 0, hdr = 1 exclusive = 0
15:36:53:481 (00033676) > [Render] 		- Mode 340 : 1680 x 1050 @ 144 Hz, stereo = 0, hdr = 1 exclusive = 0
15:36:53:481 (00033676) > [Render] 		- Mode 341 : 1680 x 1050 @ 240 Hz, stereo = 0, hdr = 1 exclusive = 0
15:36:53:481 (00033676) > [Render] 		- Mode 342 : 1920 x 1080 @  50 Hz, stereo = 0, hdr = 1 exclusive = 0
15:36:53:481 (00033676) > [Render] 		- Mode 343 : 1920 x 1080 @  60 Hz, stereo = 0, hdr = 1 exclusive = 0
15:36:53:481 (00033676) > [Render] 		- Mode 344 : 1920 x 1080 @ 100 Hz, stereo = 0, hdr = 1 exclusive = 0
15:36:53:481 (00033676) > [Render] 		- Mode 345 : 1920 x 1080 @ 120 Hz, stereo = 0, hdr = 1 exclusive = 0
15:36:53:481 (00033676) > [Render] 		- Mode 346 : 1920 x 1080 @ 144 Hz, stereo = 0, hdr = 1 exclusive = 0
15:36:53:481 (00033676) > [Render] 		- Mode 347 : 1920 x 1080 @ 240 Hz, stereo = 0, hdr = 1 exclusive = 0
15:36:53:481 (00033676) > [Render] 		- Mode 348 : 1920 x 1200 @  50 Hz, stereo = 0, hdr = 1 exclusive = 0
15:36:53:481 (00033676) > [Render] 		- Mode 349 : 1920 x 1200 @  60 Hz, stereo = 0, hdr = 1 exclusive = 0
15:36:53:481 (00033676) > [Render] 		- Mode 350 : 1920 x 1200 @ 100 Hz, stereo = 0, hdr = 1 exclusive = 0
15:36:53:481 (00033676) > [Render] 		- Mode 351 : 1920 x 1200 @ 120 Hz, stereo = 0, hdr = 1 exclusive = 0
15:36:53:481 (00033676) > [Render] 		- Mode 352 : 1920 x 1200 @ 144 Hz, stereo = 0, hdr = 1 exclusive = 0
15:36:53:481 (00033676) > [Render] 		- Mode 353 : 1920 x 1200 @ 240 Hz, stereo = 0, hdr = 1 exclusive = 0
15:36:53:481 (00033676) > [Render] 		- Mode 354 : 1920 x 1440 @  50 Hz, stereo = 0, hdr = 1 exclusive = 0
15:36:53:481 (00033676) > [Render] 		- Mode 355 : 1920 x 1440 @  60 Hz, stereo = 0, hdr = 1 exclusive = 0
15:36:53:481 (00033676) > [Render] 		- Mode 356 : 1920 x 1440 @ 100 Hz, stereo = 0, hdr = 1 exclusive = 0
15:36:53:481 (00033676) > [Render] 		- Mode 357 : 1920 x 1440 @ 120 Hz, stereo = 0, hdr = 1 exclusive = 0
15:36:53:481 (00033676) > [Render] 		- Mode 358 : 1920 x 1440 @ 144 Hz, stereo = 0, hdr = 1 exclusive = 0
15:36:53:481 (00033676) > [Render] 		- Mode 359 : 1920 x 1440 @ 240 Hz, stereo = 0, hdr = 1 exclusive = 0
15:36:53:481 (00033676) > [Render] 		- Mode 360 : 2560 x 1440 @  50 Hz, stereo = 0, hdr = 1 exclusive = 0
15:36:53:481 (00033676) > [Render] 		- Mode 361 : 2560 x 1440 @  60 Hz, stereo = 0, hdr = 1 exclusive = 0
15:36:53:481 (00033676) > [Render] 		- Mode 362 : 2560 x 1440 @ 100 Hz, stereo = 0, hdr = 1 exclusive = 0
15:36:53:481 (00033676) > [Render] 		- Mode 363 : 2560 x 1440 @ 120 Hz, stereo = 0, hdr = 1 exclusive = 0
15:36:53:481 (00033676) > [Render] 		- Mode 364 : 2560 x 1440 @ 144 Hz, stereo = 0, hdr = 1 exclusive = 0
15:36:53:481 (00033676) > [Render] 		- Mode 365 : 2560 x 1440 @ 240 Hz, stereo = 0, hdr = 1 exclusive = 0
15:36:53:481 (00033676) > [Render] 		- Mode 366 : 3440 x 1440 @  50 Hz, stereo = 0, hdr = 1 exclusive = 0
15:36:53:481 (00033676) > [Render] 		- Mode 367 : 3440 x 1440 @  60 Hz, stereo = 0, hdr = 1 exclusive = 0
15:36:53:481 (00033676) > [Render] 		- Mode 368 : 3440 x 1440 @ 100 Hz, stereo = 0, hdr = 1 exclusive = 0
15:36:53:481 (00033676) > [Render] 		- Mode 369 : 3440 x 1440 @ 120 Hz, stereo = 0, hdr = 1 exclusive = 0
15:36:53:481 (00033676) > [Render] 		- Mode 370 : 3440 x 1440 @ 144 Hz, stereo = 0, hdr = 1 exclusive = 0
15:36:53:481 (00033676) > [Render] 		- Mode 371 : 3440 x 1440 @ 240 Hz, stereo = 0, hdr = 1 exclusive = 0
15:36:53:481 (00033676) > [Render] ***** Additional Monitor Output Info *****
15:36:53:481 (00033676) > [Render] 		BitsPerColor: 10
15:36:53:481 (00033676) > [Render] 		Primaries: R=0.6768;0.3213  G=0.2520;0.6807  B=0.1465;0.0566  White-Point=0.3135;0.3291
15:36:53:481 (00033676) > [Render] 		HDR: Yes (Color Space: DXGI_COLOR_SPACE_RGB_FULL_G2084_NONE_P2020)
15:36:53:481 (00033676) > [Render] 		Luminance: Min=0.0000 Max=603.0000 MaxFullFrame=276.0000
15:36:53:481 (00033676) > [Render] ******************************************
15:36:53:481 (00033676) > [Render] 	Monitor '2 (NVIDIA GeForce RTX 4090(1))' (0000000000010003): rect(3440 4520 -476 1444)
15:36:53:481 (00033676) > [Render] 		- Mode  0 :  800 x 1280 @  60 Hz, stereo = 0, hdr = 0 exclusive = 0
15:36:53:481 (00033676) > [Render] 		- Mode  1 :  800 x 1280 @  60 Hz, stereo = 0, hdr = 0 exclusive = 0
15:36:53:481 (00033676) > [Render] 		- Mode  2 :  800 x 1280 @ 120 Hz, stereo = 0, hdr = 0 exclusive = 0
15:36:53:481 (00033676) > [Render] 		- Mode  3 :  800 x 1280 @ 120 Hz, stereo = 0, hdr = 0 exclusive = 0
15:36:53:481 (00033676) > [Render] 		- Mode  4 :  800 x 1280 @ 144 Hz, stereo = 0, hdr = 0 exclusive = 0
15:36:53:481 (00033676) > [Render] 		- Mode  5 :  800 x 1280 @ 144 Hz, stereo = 0, hdr = 0 exclusive = 0
15:36:53:481 (00033676) > [Render] 		- Mode  6 :  864 x 1152 @  75 Hz, stereo = 0, hdr = 0 exclusive = 0
15:36:53:481 (00033676) > [Render] 		- Mode  7 :  864 x 1152 @ 120 Hz, stereo = 0, hdr = 0 exclusive = 0
15:36:53:481 (00033676) > [Render] 		- Mode  8 :  864 x 1152 @ 120 Hz, stereo = 0, hdr = 0 exclusive = 0
15:36:53:481 (00033676) > [Render] 		- Mode  9 :  864 x 1152 @ 144 Hz, stereo = 0, hdr = 0 exclusive = 0
15:36:53:481 (00033676) > [Render] 		- Mode 10 :  864 x 1152 @ 144 Hz, stereo = 0, hdr = 0 exclusive = 0
15:36:53:481 (00033676) > [Render] 		- Mode 11 :  900 x 1440 @  60 Hz, stereo = 0, hdr = 0 exclusive = 0
15:36:53:481 (00033676) > [Render] 		- Mode 12 :  900 x 1440 @ 120 Hz, stereo = 0, hdr = 0 exclusive = 0
15:36:53:481 (00033676) > [Render] 		- Mode 13 :  900 x 1440 @ 120 Hz, stereo = 0, hdr = 0 exclusive = 0
15:36:53:481 (00033676) > [Render] 		- Mode 14 :  900 x 1440 @ 144 Hz, stereo = 0, hdr = 0 exclusive = 0
15:36:53:481 (00033676) > [Render] 		- Mode 15 :  900 x 1440 @ 144 Hz, stereo = 0, hdr = 0 exclusive = 0
15:36:53:481 (00033676) > [Render] 		- Mode 16 :  900 x 1600 @  60 Hz, stereo = 0, hdr = 0 exclusive = 0
15:36:53:481 (00033676) > [Render] 		- Mode 17 :  900 x 1600 @  60 Hz, stereo = 0, hdr = 0 exclusive = 0
15:36:53:481 (00033676) > [Render] 		- Mode 18 :  900 x 1600 @ 120 Hz, stereo = 0, hdr = 0 exclusive = 0
15:36:53:481 (00033676) > [Render] 		- Mode 19 :  900 x 1600 @ 120 Hz, stereo = 0, hdr = 0 exclusive = 0
15:36:53:481 (00033676) > [Render] 		- Mode 20 :  900 x 1600 @ 144 Hz, stereo = 0, hdr = 0 exclusive = 0
15:36:53:481 (00033676) > [Render] 		- Mode 21 :  900 x 1600 @ 144 Hz, stereo = 0, hdr = 0 exclusive = 0
15:36:53:481 (00033676) > [Render] 		- Mode 22 :  960 x 1280 @  60 Hz, stereo = 0, hdr = 0 exclusive = 0
15:36:53:481 (00033676) > [Render] 		- Mode 23 :  960 x 1280 @ 120 Hz, stereo = 0, hdr = 0 exclusive = 0
15:36:53:481 (00033676) > [Render] 		- Mode 24 :  960 x 1280 @ 120 Hz, stereo = 0, hdr = 0 exclusive = 0
15:36:53:481 (00033676) > [Render] 		- Mode 25 :  960 x 1280 @ 144 Hz, stereo = 0, hdr = 0 exclusive = 0
15:36:53:481 (00033676) > [Render] 		- Mode 26 :  960 x 1280 @ 144 Hz, stereo = 0, hdr = 0 exclusive = 0
15:36:53:481 (00033676) > [Render] 		- Mode 27 : 1024 x 1280 @  60 Hz, stereo = 0, hdr = 0 exclusive = 0
15:36:53:481 (00033676) > [Render] 		- Mode 28 : 1024 x 1280 @  75 Hz, stereo = 0, hdr = 0 exclusive = 0
15:36:53:481 (00033676) > [Render] 		- Mode 29 : 1024 x 1280 @ 120 Hz, stereo = 0, hdr = 0 exclusive = 0
15:36:53:481 (00033676) > [Render] 		- Mode 30 : 1024 x 1280 @ 120 Hz, stereo = 0, hdr = 0 exclusive = 0
15:36:53:481 (00033676) > [Render] 		- Mode 31 : 1024 x 1280 @ 144 Hz, stereo = 0, hdr = 0 exclusive = 0
15:36:53:481 (00033676) > [Render] 		- Mode 32 : 1024 x 1280 @ 144 Hz, stereo = 0, hdr = 0 exclusive = 0
15:36:53:481 (00033676) > [Render] 		- Mode 33 : 1024 x 1600 @  60 Hz, stereo = 0, hdr = 0 exclusive = 0
15:36:53:481 (00033676) > [Render] 		- Mode 34 : 1024 x 1600 @  60 Hz, stereo = 0, hdr = 0 exclusive = 0
15:36:53:481 (00033676) > [Render] 		- Mode 35 : 1024 x 1600 @ 120 Hz, stereo = 0, hdr = 0 exclusive = 0
15:36:53:481 (00033676) > [Render] 		- Mode 36 : 1024 x 1600 @ 120 Hz, stereo = 0, hdr = 0 exclusive = 0
15:36:53:481 (00033676) > [Render] 		- Mode 37 : 1024 x 1600 @ 144 Hz, stereo = 0, hdr = 0 exclusive = 0
15:36:53:481 (00033676) > [Render] 		- Mode 38 : 1024 x 1600 @ 144 Hz, stereo = 0, hdr = 0 exclusive = 0
15:36:53:481 (00033676) > [Render] 		- Mode 39 : 1050 x 1680 @  60 Hz, stereo = 0, hdr = 0 exclusive = 0
15:36:53:481 (00033676) > [Render] 		- Mode 40 : 1050 x 1680 @ 120 Hz, stereo = 0, hdr = 0 exclusive = 0
15:36:53:481 (00033676) > [Render] 		- Mode 41 : 1050 x 1680 @ 120 Hz, stereo = 0, hdr = 0 exclusive = 0
15:36:53:481 (00033676) > [Render] 		- Mode 42 : 1050 x 1680 @ 144 Hz, stereo = 0, hdr = 0 exclusive = 0
15:36:53:481 (00033676) > [Render] 		- Mode 43 : 1050 x 1680 @ 144 Hz, stereo = 0, hdr = 0 exclusive = 0
15:36:53:481 (00033676) > [Render] 		- Mode 44 : 1080 x 1440 @  50 Hz, stereo = 0, hdr = 0 exclusive = 0
15:36:53:481 (00033676) > [Render] 		- Mode 45 : 1080 x 1440 @  50 Hz, stereo = 0, hdr = 0 exclusive = 0
15:36:53:481 (00033676) > [Render] 		- Mode 46 : 1080 x 1440 @  60 Hz, stereo = 0, hdr = 0 exclusive = 0
15:36:53:481 (00033676) > [Render] 		- Mode 47 : 1080 x 1440 @  60 Hz, stereo = 0, hdr = 0 exclusive = 0
15:36:53:481 (00033676) > [Render] 		- Mode 48 : 1080 x 1440 @  60 Hz, stereo = 0, hdr = 0 exclusive = 0
15:36:53:481 (00033676) > [Render] 		- Mode 49 : 1080 x 1440 @  60 Hz, stereo = 0, hdr = 0 exclusive = 0
15:36:53:481 (00033676) > [Render] 		- Mode 50 : 1080 x 1440 @ 120 Hz, stereo = 0, hdr = 0 exclusive = 0
15:36:53:481 (00033676) > [Render] 		- Mode 51 : 1080 x 1440 @ 120 Hz, stereo = 0, hdr = 0 exclusive = 0
15:36:53:481 (00033676) > [Render] 		- Mode 52 : 1080 x 1440 @ 144 Hz, stereo = 0, hdr = 0 exclusive = 0
15:36:53:481 (00033676) > [Render] 		- Mode 53 : 1080 x 1440 @ 144 Hz, stereo = 0, hdr = 0 exclusive = 0
15:36:53:481 (00033676) > [Render] 		- Mode 54 : 1080 x 1920 @  50 Hz, stereo = 0, hdr = 0 exclusive = 0
15:36:53:481 (00033676) > [Render] 		- Mode 55 : 1080 x 1920 @  60 Hz, stereo = 0, hdr = 0 exclusive = 0
15:36:53:481 (00033676) > [Render] 		- Mode 56 : 1080 x 1920 @  60 Hz, stereo = 0, hdr = 0 exclusive = 0
15:36:53:481 (00033676) > [Render] 		- Mode 57 : 1080 x 1920 @ 120 Hz, stereo = 0, hdr = 0 exclusive = 0
15:36:53:481 (00033676) > [Render] 		- Mode 58 : 1080 x 1920 @ 144 Hz, stereo = 0, hdr = 0 exclusive = 0
15:36:53:481 (00033676) > [Render] ***** Additional Monitor Output Info *****
15:36:53:481 (00033676) > [Render] 		BitsPerColor: 8
15:36:53:481 (00033676) > [Render] 		Primaries: R=0.6641;0.3086  G=0.2754;0.6699  B=0.1543;0.0508  White-Point=0.3135;0.3291
15:36:53:481 (00033676) > [Render] 		HDR: No (Color Space: DXGI_COLOR_SPACE_RGB_FULL_G22_NONE_P709)
15:36:53:481 (00033676) > [Render] 		Luminance: Min=0.5000 Max=270.0000 MaxFullFrame=270.0000
15:36:53:481 (00033676) > [Render] ******************************************
15:36:53:481 (00033676) > [Render] 
15:36:53:894 (00033676) > [NxReflex] Reflex support result:Result::eOk
15:36:53:894 (00033676) > [NxReflex] Reflex GetState result:Result::eErrorNotInitialized
15:36:53:894 (00033676) > [NxReflex] DLSSG support result:Result::eOk
15:36:53:894 (00033676) > [NxApp] Querying GPU Driver Info...
15:36:53:894 (00033676) > [NxApp] Enumerating available display adapters:
15:36:53:910 (00033676) > [NxApp] 		AMD Radeon(TM) Graphics
15:36:53:910 (00033676) > [NxApp] 		NVIDIA GeForce RTX 4090 (active)
15:36:53:910 (00033676) > [NxApp] Successfully found GPU Driver Info
15:36:53:910 (00033676) > [D3D] Max supported feature level: 11.0
15:36:53:910 (00033676) > [Render] Disabled D3D12 experimentals
15:36:54:202 (00033676) > [Render] VMEM Budget: 23374 MB
15:36:54:202 (00033676) > [Render] VMEM Available: 23367 MB
15:36:55:222 (00033676) > [Render] GPU node count: 1
15:36:55:249 (00033676) > [NxFfx] Anti-Lag2 not supported. Error code (-2147024809)
15:36:55:249 (00033676) > [NxReflex] Reflex support result:Result::eOk
15:36:55:250 (00033676) > [NxReflex] Reflex GetState result:Result::eOk
15:36:55:250 (00033676) > [NxApp] PreInit successful.
15:36:55:250 (00033676) > [NxStorage] Detected device at 'D:/Installed Games/The.Last.of.Us.Part.II.Remastered-InsaneRamZes/build/pc/main', name 'WD Blue SN580 2TB', SSD: Yes, NVMe : Yes
15:36:55:342 (00033676) > [NxStorage] DirectStorage initialization succeeded
15:36:55:343 (00033676) > [NxUpscaler] SL DLSS support: Result::eOk
15:36:55:385 (00033676) > [NxUpscaler] XeSS init, code = 0
15:36:55:386 (00033676) > [NxReflex] Reflex support result:Result::eOk
15:36:55:386 (00033676) > [NxReflex] Reflex GetState result:Result::eOk
15:36:55:386 (00033676) > [NxReflex] DLSSG support result:Result::eOk
15:36:55:386 (00033676) > [NxApp] Driver Desc: NVIDIA GeForce RTX 4090
15:36:55:386 (00033676) > [NxApp] Driver Version: 572.83
15:36:55:386 (00033676) > [**************************************************Display + Graphics Settings**************************************************] 
15:36:55:386 (00033676) > [Settings] DirectX Version: 12
15:36:55:386 (00033676) > [Settings] Window mode: Fullscreen
15:36:55:386 (00033676) > [Settings] Fullscreen display mode:
15:36:55:386 (00033676) > [Settings] 	Displaying on monitor: 0
15:36:55:386 (00033676) > [Settings] 	Resolution: 3440x1440
15:36:55:386 (00033676) > [Settings] 	Forced Aspect Ratio: Auto
15:36:55:386 (00033676) > [Settings] 	HDR: On
15:36:55:386 (00033676) > [Settings] 	HDR max luminance :603.000000 nits
15:36:55:386 (00033676) > [Settings] 	HDR paper white :200.000000 nits
15:36:55:386 (00033676) > [Settings] 	Contrast: 0.520000
15:36:55:386 (00033676) > [Settings] 	OS reported Refresh rate: 240
15:36:55:386 (00033676) > [Settings] 	VSync: Off
15:36:55:386 (00033676) > [Settings] 	Reflex: Off with latency markers
15:36:55:386 (00033676) > [Settings] 	Anti-Lag2: Off
15:36:55:386 (00033676) > [Settings] 	Frame generation: None
15:36:55:386 (00033676) > [Settings] 	Dynamic resolution FPS target: 0
15:36:55:386 (00033676) > [Settings] Anti aliasing: DLAA
15:36:55:386 (00033676) > [Settings] Upscale method: None
15:36:55:386 (00033676) > [Settings] Upscale quality: Quality
15:36:55:386 (00033676) > [Settings] Upscale sharpen: 0.001000
15:36:55:386 (00033676) > [Settings] Graphics Options:
15:36:55:386 (00033676) > [Settings] 	Dynamic Objects Texture Quality: Ultra
15:36:55:386 (00033676) > [Settings] 	Character Texture Quality: Ultra
15:36:55:386 (00033676) > [Settings] 	Environment Texture Quality: Ultra
15:36:55:386 (00033676) > [Settings] 	Visual Effects Texture Quality: Ultra
15:36:55:386 (00033676) > [Settings] 	Texture Filtering: Anisotropic16x
15:36:55:386 (00033676) > [Settings] 	Shadow Spotlight Resolution: Ultra
15:36:55:386 (00033676) > [Settings] 	Shadow Pointlight Resolution: Ultra
15:36:55:386 (00033676) > [Settings] 	Ambient Shadow Quality: Ultra
15:36:55:386 (00033676) > [Settings] 	Directional Shadow Resolution: Ultra
15:36:55:386 (00033676) > [Settings] 	Directional Shadow Distance: Ultra
15:36:55:386 (00033676) > [Settings] 	Depth of Field: Ultra
15:36:55:386 (00033676) > [Settings] 	Foreground Level of Detail: Ultra
15:36:55:386 (00033676) > [Settings] 	Character Level of Detail: Ultra
15:36:55:386 (00033676) > [Settings] 	Background Level of Detail: Ultra
15:36:55:386 (00033676) > [Settings] 	Terrain Detail: High
15:36:55:386 (00033676) > [Settings] 	Ambient Occlusion: SSAO Quality
15:36:55:386 (00033676) > [Settings] 	Screen space contact shadows: Ultra
15:36:55:386 (00033676) > [Settings] 	Screen Space Reflections: High
15:36:55:386 (00033676) > [Settings] 	Screen Space Accuracy: High
15:36:55:386 (00033676) > [Settings] 	Screen Space Distance: High
15:36:55:386 (00033676) > [Settings] 	Real-Time Reflections: Ultra
15:36:55:386 (00033676) > [Settings] 	Refraction Quality: Ultra
15:36:55:386 (00033676) > [Settings] 	Screen Space Shadows: Ultra
15:36:55:386 (00033676) > [Settings] 	Depth of Field Mode: Always On
15:36:55:386 (00033676) > [Settings] 	Motion Blur Quality: Ultra
15:36:55:386 (00033676) > [Settings] 	Particle Density: Ultra
15:36:55:386 (00033676) > [Settings] 	Volumetric Fog: Ultra
15:36:55:386 (00033676) > [Settings] 	SS Sub-Surface Scattering: Always On
15:36:55:386 (00033676) > [Settings] 	Bloom: On
15:36:55:386 (00033676) > [Settings] 	Vignette: On
15:36:55:386 (00033676) > [Settings] 	Caustics: On
15:36:55:386 (00033676) > [Settings] 	Image Based Lighting: 0.000000
15:36:55:386 (00033676) > [Settings] 	Bounced Lighting: 0.000000
15:36:55:386 (00033676) > [Settings] 	Dynamic Screen Space Shadows: 0.000000
15:36:55:386 (00033676) > [Settings] 	RT Cloud reflections: On
15:36:55:386 (00033676) > [Settings] 	Motion Blur: 0.000000
15:36:55:386 (00033676) > [Settings] 	Framerate Cap: 360.000000
15:36:55:386 (00033676) > [Settings] 	FOV Correction: 1.000000
15:36:55:386 (00033676) > [Settings] 	Camera Shake: 1.000000
15:36:55:386 (00033676) > [Settings] 	Chromatic Abberation: 0.000000
15:36:55:386 (00033676) > [Settings] 	Lens Dirt: 1.000000
15:36:55:386 (00033676) > [Settings] 	Film Grain Strength: 0.000000
15:36:55:386 (00033676) > [Settings] 	Cinematic Pillarboxes: Off
15:36:55:386 (00033676) > [**************************************************Display + Graphics Settings**************************************************] 
-[ GPU Adapter Info ]------------------------------------------------
    Number of Adapters          : 2
    Number of Supported Adapters: 2

    1. NVIDIA GeForce RTX 4090 [used]
            Supported           : Yes
            Type                : Hardware
            Max Feature Level   : 12_2 [require 12_0]
            Vendor ID           : 0x000010de
            Device ID           : 0x00002684
            SubSys ID           : 0x165b10de
            Revision            : 0x000000a1
            Video Memory        : 23.58 GiB (24,142 MiB)
            System Memory       : 0
            Shared System Memory: 15.58 GiB (15,954 MiB)
            Graphics Preemption : pixel
            Compute Preemption  : dispatch
            TFlops              : 101.744637
            Dedicated GPU       : 1
            Flags               : ACG_COMPATIBLE (0x04)
                                  SUPPORT_MONITORED_FENCES (0x08)
                                  KEYED_MUTEX_CONFORMANCE (0x20)
         -- Features -----------------------------------------------
          + UAV Additional Formats    - Yes      [required        ]
          + Raster Order View         - Yes      [not required    ]
          + PSO Libraries             - Yes      [not required    ]
          + PSO Driver InProc Cache   - No       [not required    ]
          + PSO Driver Disk Cache     - No       [not required    ]
          + Existing Heaps            - Yes      [not required    ]
          + PS Output Stencil Ref     - No       [not required    ]
          + More Compute Res States   - Yes      [not required    ]
          + Logical Blend Ops         - Yes      [not required    ]
          + Atomic Int 64 Typed Res   - Yes      [required        ]
          + Atomic Int 64 Group Share - Yes      [not required    ]
          + Atomic Int 64 Desc Heap   - Yes      [required        ]
          + Double Shader Ops         - Yes      [not required    ]
          + Int64 Shader Ops          - Yes      [required        ]
          + 16 bit Shader Ops         - Yes      [not required    ]
          + Wave Ops                  - Yes      [required        ]
          + Resource Binding          - Tier 3   [require Tier 3  ]
          + Tiled Resources           - Tier 3   [not required    ]
          + Conservative Raster       - Tier 3   [not required    ]
          + Resource Heap             - Tier 2   [require Tier 1  ]
          + View Instancing           - Tier 3   [not required    ]
          + Raytracing                - Tier 1.1 [not required    ]
          + Variable Rate Shading     - Tier 2   [not required    ]
          + Mesh Shaders              - Tier 1   [not required    ]
          + Sampler Feedback          - Tier 0.9 [not required    ]
          + Min Float Precision       - 16 bit   [require 32 bit  ]
          + Max Resource Addressing   - 40 bit   [require 32 bit  ]
          + Max Process Addressing    - 40 bit   [require 32 bit  ]
          + Wave Lane Count Min       - 32       [require 0       ]
          + Wave Lane Count Max       - 32       [require 0       ]
          + Root Signature Version    - 1_1      [require 1_1     ]
          + Shader Model              - 6_7      [require 6_6     ]

    2. NVIDIA GeForce RTX 4090
            Supported           : Yes
            Type                : Hardware
            Max Feature Level   : 12_2 [require 12_0]
            Vendor ID           : 0x000010de
            Device ID           : 0x00002684
            SubSys ID           : 0x165b10de
            Revision            : 0x000000a1
            Video Memory        : 23.58 GiB (24,142 MiB)
            System Memory       : 0
            Shared System Memory: 15.58 GiB (15,954 MiB)
            Graphics Preemption : pixel
            Compute Preemption  : dispatch
            TFlops              : 101.744637
            Dedicated GPU       : 1
            Flags               : ACG_COMPATIBLE (0x04)
                                  SUPPORT_MONITORED_FENCES (0x08)
                                  KEYED_MUTEX_CONFORMANCE (0x20)
         -- Features -----------------------------------------------
          + UAV Additional Formats    - Yes      [required        ]
          + Raster Order View         - Yes      [not required    ]
          + PSO Libraries             - Yes      [not required    ]
          + PSO Driver InProc Cache   - No       [not required    ]
          + PSO Driver Disk Cache     - No       [not required    ]
          + Existing Heaps            - Yes      [not required    ]
          + PS Output Stencil Ref     - No       [not required    ]
          + More Compute Res States   - Yes      [not required    ]
          + Logical Blend Ops         - Yes      [not required    ]
          + Atomic Int 64 Typed Res   - Yes      [required        ]
          + Atomic Int 64 Group Share - Yes      [not required    ]
          + Atomic Int 64 Desc Heap   - Yes      [required        ]
          + Double Shader Ops         - Yes      [not required    ]
          + Int64 Shader Ops          - Yes      [required        ]
          + 16 bit Shader Ops         - Yes      [not required    ]
          + Wave Ops                  - Yes      [required        ]
          + Resource Binding          - Tier 3   [require Tier 3  ]
          + Tiled Resources           - Tier 3   [not required    ]
          + Conservative Raster       - Tier 3   [not required    ]
          + Resource Heap             - Tier 2   [require Tier 1  ]
          + View Instancing           - Tier 3   [not required    ]
          + Raytracing                - Tier 1.1 [not required    ]
          + Variable Rate Shading     - Tier 2   [not required    ]
          + Mesh Shaders              - Tier 1   [not required    ]
          + Sampler Feedback          - Tier 0.9 [not required    ]
          + Min Float Precision       - 16 bit   [require 32 bit  ]
          + Max Resource Addressing   - 40 bit   [require 32 bit  ]
          + Max Process Addressing    - 40 bit   [require 32 bit  ]
          + Wave Lane Count Min       - 32       [require 0       ]
          + Wave Lane Count Max       - 32       [require 0       ]
          + Root Signature Version    - 1_1      [require 1_1     ]
          + Shader Model              - 6_7      [require 6_6     ]
---------------------------------------------------------------------
-[ NVIDIA Driver Info ]----------------------------------------------
	Version       : 572.83
	Branch        : r572_77
---------------------------------------------------------------------
15:36:55:415 (00033676) > [NxApp] Creating window...
15:36:55:421 (00033560) > [GameWindow] UpdateState bVisible true
15:36:55:444 (00033560) > [Input] Keyboard language: "English (United Kingdom)" (id: 2057)
15:36:55:444 (00033560) > [Input] Keyboard physical layout: "India" (id: 00004009)
15:36:55:444 (00033560) > [Input] Human Input Device  ""   product 3302 vendor 1356 version 0 usage 5 usagePage 1
15:36:55:444 (00033560) > [Input] Keyboard            ""   type 81 subType 0 mode 1 function 12 indicators 3 total 160
15:36:55:444 (00033560) > [Input] Keyboard            ""   type 81 subType 0 mode 1 function 12 indicators 3 total 264
15:36:55:444 (00033560) > [Input] Human Input Device  ""   product 640 vendor 13364 version 0 usage 1 usagePage 12
15:36:55:444 (00033560) > [Input] Mouse               ""   id 256 buttons 5 sampleRate 0 horizontalWheel no
15:36:55:444 (00033560) > [Input] Joystick            ""   product 50495 vendor 1133 version 17409 usage 136 usagePage 65468 xinput no
15:36:55:444 (00033560) > [Input] Joystick            ""   product 2675 vendor 6940 version 0 usage 1 usagePage 65368 xinput no
15:36:55:444 (00033560) > [Input] Joystick            ""   product 50495 vendor 1133 version 17409 usage 1 usagePage 12 xinput no
15:36:55:444 (00033560) > [Input] Joystick            ""   product 2675 vendor 6940 version 0 usage 2 usagePage 65346 xinput no
15:36:55:444 (00033560) > [Input] Joystick            ""   product 2675 vendor 6940 version 0 usage 1 usagePage 65346 xinput no
15:36:55:445 (00033560) > [Input] Joystick            ""   product 2675 vendor 6940 version 0 usage 1 usagePage 12 xinput no
15:36:55:445 (00033560) > [Input] Joystick            ""   product 2675 vendor 6940 version 0 usage 2 usagePage 65345 xinput no
15:36:55:445 (00033560) > [Input] Joystick            ""   product 2675 vendor 6940 version 0 usage 1 usagePage 12 xinput no
15:36:55:445 (00033560) > [Input] Joystick            ""   product 12553 vendor 11720 version 512 usage 1 usagePage 140 xinput no
15:36:55:445 (00033560) > [Input] Joystick            ""   product 2675 vendor 6940 version 0 usage 6 usagePage 65344 xinput no
15:36:55:445 (00033560) > [Input] Joystick            ""   product 50495 vendor 1133 version 17409 usage 4 usagePage 65280 xinput no
15:36:55:445 (00033560) > [Input] Joystick            ""   product 50495 vendor 1133 version 17409 usage 2 usagePage 65280 xinput no
15:36:55:445 (00033560) > [Input] Joystick            ""   product 50495 vendor 1133 version 17409 usage 1 usagePage 65280 xinput no
15:36:55:445 (00033560) > [Input] Joystick            ""   product 6575 vendor 2821 version 256 usage 161 usagePage 65394 xinput no
15:36:55:445 (00033560) > [Input] Mouse               "HID-compliant mouse"   id 256 buttons 16 sampleRate 0 horizontalWheel no
15:36:55:445 (00033560) > [Input] Keyboard            "HID Keyboard Device"   type 81 subType 0 mode 1 function 12 indicators 3 total 173
15:36:55:455 (00033560) > [Input] Trying to load libScePad from C:\ProgramData\Sony Interactive Entertainment Inc\PSPC_SDK\S22\3.50.00.11\libScePad.dll
15:36:55:456 (00033560) > [Input] Using LibScePad
15:36:55:456 (00033560) > [XInput] Enumerating available xusb hid devices:

15:36:55:466 (00033676) > [NxApp] Window created.
15:36:55:466 (00033676) > [NxApp] Initializing swapchain...
15:36:55:466 (00003200) > [SwapChain] Creating...
15:36:55:466 (00003200) > [NxSwapChainImpl] Swapchain native backbuffer (windows) resolution: 3440x1440
15:36:55:466 (00003200) > [Upscaler] ConvertScreenToRenderRes: wxh = 3440x1440 | min = 1720x720 | max =  3440x1440
15:36:55:470 (00003200) > [DXGI] Created swapchain.
15:36:55:474 (00003200) > [SwapChain] Gamma correction is enabled.
15:36:55:474 (00003200) > [SwapChain] Successfully created.
15:36:55:474 (00003200) > [NxSwapChainImpl] Swapchain native backbuffer (windows) resolution: 3440x1440
15:36:55:474 (00003200) > [Upscaler] ConvertScreenToRenderRes: wxh = 3440x1440 | min = 1720x720 | max =  3440x1440
15:36:55:474 (00033676) > [NxApp] Swapchain initialized
15:36:55:474 (00033676) > [NxApp] Initializing renderer...
15:36:55:475 (00033676) > [NxApp] Renderer initialized
15:36:55:475 (00033676) > [SteamController] "ingame" is not a valid action set!
15:36:55:475 (00033676) > [SteamController] "menu" is not a valid action set!
15:36:55:519 (00033336) > [Input] new Windows.Gaming.Input raw-controller found 54c ce6 {wgi/nrid/RLJ@B-A9LjG[N-141-Y7jm-?9M@Z-Q[W1-ZNaZ} HID-compliant game controller

15:36:56:015 (00033676) > [Render] Pipeline cache default.pso read succesfully, added 103684 pipelines. Found 0 duplicates.
15:36:56:017 (00033676) > [Render] Pipeline cache C:\Users\<username>\AppData\Roaming\Naughty Dog\The Last of Us Part II\user.pso read succesfully, added 897 pipelines. Found 1455 duplicates.
15:37:00:373 (00015432) > [Steam] Stats received: 2
15:37:00:373 (00015432) > [Input] Windows.Gaming.Input controller connected. index: 0
15:37:00:373 (00015432) > [Input] Sce controller connected. handle: 257
15:37:00:395 (00015432) > [Input] Sce-Controller version: 520  Jun 24 202411:16:21
15:37:00:412 (00015432) > [Audio] Sce-Controller HID\{00001124-0000-1000-8000-00805f9b34fb}_VID&0002054c_PID&0ce6 with handle 257 doesn't support audio
15:37:00:412 (00015432) > [Input] Gamepads connected: 0 -> 2
15:37:00:412 (00015432) > [Input] Gamepad for main player: 0
15:37:00:413 (00033080) > [Input] Windows.Gaming.Input controller disconnected, ignoring PS4 controller. index: 0
15:37:00:414 (00033080) > [Input] Gamepads connected: 2 -> 1
15:37:00:414 (00033080) > [Input] Gamepad for main player: 12
15:37:46:271 (00029308) > [Render] Resizing heap 1 from 256.00 MiB to 274.00 MiB
15:37:51:858 (00030868) > [Render] Quering NVAPI for GPU temperature
15:37:51:859 (00030868) > [Render] Working set: 7493MB Page file: 23519MB Video Budget: 23374MB Video Usage: 8964MB Sys Budget: 15186MB Sys Usage: 1736MB Demoted: 0MB fps: 96.6
15:38:51:856 (00030868) > [Render] Quering NVAPI for GPU temperature
15:38:51:856 (00030868) > [Render] Working set: 6972MB Page file: 20757MB Video Budget: 23374MB Video Usage: 6866MB Sys Budget: 15186MB Sys Usage: 1737MB Demoted: 0MB fps: 112.9
15:39:51:854 (00030868) > [Render] Quering NVAPI for GPU temperature
15:39:51:855 (00030868) > [Render] Working set: 8198MB Page file: 24361MB Video Budget: 23374MB Video Usage: 9159MB Sys Budget: 15186MB Sys Usage: 1739MB Demoted: 0MB fps: 113.6
15:40:27:868 (00023760) > [Render] Resizing heap 1 from 274.00 MiB to 285.00 MiB
15:40:50:339 (00009108) > [Render] Resizing heap 1 from 285.00 MiB to 296.00 MiB
15:40:51:856 (00030868) > [Render] Quering NVAPI for GPU temperature
15:40:51:858 (00030868) > [Render] Working set: 8260MB Page file: 23656MB Video Budget: 23374MB Video Usage: 8709MB Sys Budget: 15186MB Sys Usage: 1741MB Demoted: 0MB fps: 114.0
15:41:51:856 (00030868) > [Render] Quering NVAPI for GPU temperature
15:41:51:857 (00030868) > [Render] Working set: 8283MB Page file: 23903MB Video Budget: 23374MB Video Usage: 8935MB Sys Budget: 15186MB Sys Usage: 1742MB Demoted: 0MB fps: 114.0
15:42:51:857 (00030868) > [Render] Quering NVAPI for GPU temperature
15:42:51:858 (00030868) > [Render] Working set: 8317MB Page file: 23766MB Video Budget: 23374MB Video Usage: 8787MB Sys Budget: 15186MB Sys Usage: 1758MB Demoted: 0MB fps: 113.9
15:43:51:852 (00030868) > [Render] Quering NVAPI for GPU temperature
15:43:51:853 (00030868) > [Render] Working set: 8320MB Page file: 23930MB Video Budget: 23374MB Video Usage: 8951MB Sys Budget: 15186MB Sys Usage: 1758MB Demoted: 0MB fps: 113.4
15:44:51:852 (00030868) > [Render] Quering NVAPI for GPU temperature
15:44:51:854 (00030868) > [Render] Working set: 7792MB Page file: 22075MB Video Budget: 23374MB Video Usage: 7469MB Sys Budget: 15186MB Sys Usage: 1758MB Demoted: 0MB fps: 113.7
15:45:51:853 (00030868) > [Render] Quering NVAPI for GPU temperature
15:45:51:853 (00030868) > [Render] Working set: 7794MB Page file: 22136MB Video Budget: 23374MB Video Usage: 7477MB Sys Budget: 15186MB Sys Usage: 1758MB Demoted: 0MB fps: 114.0
15:46:51:856 (00030868) > [Render] Quering NVAPI for GPU temperature
15:46:51:857 (00030868) > [Render] Working set: 8308MB Page file: 24101MB Video Budget: 23374MB Video Usage: 9155MB Sys Budget: 15186MB Sys Usage: 1761MB Demoted: 0MB fps: 113.6
15:47:51:855 (00030868) > [Render] Quering NVAPI for GPU temperature
15:47:51:856 (00030868) > [Render] Working set: 8315MB Page file: 24079MB Video Budget: 23374MB Video Usage: 9124MB Sys Budget: 15186MB Sys Usage: 1762MB Demoted: 0MB fps: 114.0
15:48:51:855 (00030868) > [Render] Quering NVAPI for GPU temperature
15:48:51:855 (00030868) > [Render] Working set: 8320MB Page file: 24085MB Video Budget: 23374MB Video Usage: 9129MB Sys Budget: 15186MB Sys Usage: 1762MB Demoted: 0MB fps: 114.0
15:49:51:852 (00030868) > [Render] Quering NVAPI for GPU temperature
15:49:51:852 (00030868) > [Render] Working set: 8324MB Page file: 24092MB Video Budget: 23374MB Video Usage: 9133MB Sys Budget: 15186MB Sys Usage: 1763MB Demoted: 0MB fps: 114.0
15:50:51:853 (00030868) > [Render] Quering NVAPI for GPU temperature
15:50:51:854 (00030868) > [Render] Working set: 8326MB Page file: 24318MB Video Budget: 23374MB Video Usage: 9360MB Sys Budget: 15186MB Sys Usage: 1763MB Demoted: 0MB fps: 114.0
15:51:51:853 (00030868) > [Render] Quering NVAPI for GPU temperature
15:51:51:853 (00030868) > [Render] Working set: 8026MB Page file: 22503MB Video Budget: 23374MB Video Usage: 7720MB Sys Budget: 15186MB Sys Usage: 1763MB Demoted: 0MB fps: 113.8
15:52:51:855 (00030868) > [Render] Quering NVAPI for GPU temperature
15:52:51:855 (00030868) > [Render] Working set: 8267MB Page file: 22189MB Video Budget: 23374MB Video Usage: 7381MB Sys Budget: 15186MB Sys Usage: 1763MB Demoted: 0MB fps: 113.9
15:53:51:856 (00030868) > [Render] Quering NVAPI for GPU temperature
15:53:51:856 (00030868) > [Render] Working set: 8304MB Page file: 23626MB Video Budget: 23374MB Video Usage: 8747MB Sys Budget: 15186MB Sys Usage: 1763MB Demoted: 0MB fps: 113.8
15:54:51:853 (00030868) > [Render] Quering NVAPI for GPU temperature
15:54:51:854 (00030868) > [Render] Working set: 8307MB Page file: 23624MB Video Budget: 23374MB Video Usage: 8744MB Sys Budget: 15186MB Sys Usage: 1763MB Demoted: 0MB fps: 114.0
15:55:51:850 (00030868) > [Render] Quering NVAPI for GPU temperature
15:55:51:852 (00030868) > [Render] Working set: 8310MB Page file: 23859MB Video Budget: 23374MB Video Usage: 8978MB Sys Budget: 15186MB Sys Usage: 1763MB Demoted: 0MB fps: 114.0
15:56:51:850 (00030868) > [Render] Quering NVAPI for GPU temperature
15:56:51:851 (00030868) > [Render] Working set: 8053MB Page file: 22061MB Video Budget: 23374MB Video Usage: 7484MB Sys Budget: 15186MB Sys Usage: 1763MB Demoted: 0MB fps: 113.8
15:57:51:857 (00030868) > [Render] Quering NVAPI for GPU temperature
15:57:51:858 (00030868) > [Render] Working set: 8082MB Page file: 22168MB Video Budget: 23374MB Video Usage: 7354MB Sys Budget: 15186MB Sys Usage: 1763MB Demoted: 0MB fps: 114.0
15:58:51:857 (00030868) > [Render] Quering NVAPI for GPU temperature
15:58:51:857 (00030868) > [Render] Working set: 8355MB Page file: 23689MB Video Budget: 23374MB Video Usage: 8815MB Sys Budget: 15186MB Sys Usage: 1764MB Demoted: 0MB fps: 113.6
15:59:51:854 (00030868) > [Render] Quering NVAPI for GPU temperature
15:59:51:855 (00030868) > [Render] Working set: 8356MB Page file: 23684MB Video Budget: 23374MB Video Usage: 8810MB Sys Budget: 15186MB Sys Usage: 1764MB Demoted: 0MB fps: 113.7
16:00:51:855 (00030868) > [Render] Quering NVAPI for GPU temperature
16:00:51:857 (00030868) > [Render] Working set: 8356MB Page file: 23688MB Video Budget: 23374MB Video Usage: 8813MB Sys Budget: 15186MB Sys Usage: 1764MB Demoted: 0MB fps: 113.4
16:01:32:038 (00020888) > [Render] Resizing heap 1 from 296.00 MiB to 298.00 MiB
16:01:51:854 (00030868) > [Render] Quering NVAPI for GPU temperature
16:01:51:854 (00030868) > [Render] Working set: 8357MB Page file: 23691MB Video Budget: 23374MB Video Usage: 8815MB Sys Budget: 15186MB Sys Usage: 1765MB Demoted: 0MB fps: 114.0
16:02:51:851 (00030868) > [Render] Quering NVAPI for GPU temperature
16:02:51:851 (00030868) > [Render] Working set: 8358MB Page file: 23692MB Video Budget: 23374MB Video Usage: 8817MB Sys Budget: 15186MB Sys Usage: 1765MB Demoted: 0MB fps: 114.0
16:03:51:856 (00030868) > [Render] Quering NVAPI for GPU temperature
16:03:51:857 (00030868) > [Render] Working set: 8358MB Page file: 23695MB Video Budget: 23374MB Video Usage: 8817MB Sys Budget: 15186MB Sys Usage: 1765MB Demoted: 0MB fps: 113.8
16:04:51:857 (00030868) > [Render] Quering NVAPI for GPU temperature
16:04:51:858 (00030868) > [Render] Working set: 8359MB Page file: 23693MB Video Budget: 23374MB Video Usage: 8817MB Sys Budget: 15186MB Sys Usage: 1765MB Demoted: 0MB fps: 112.7
16:05:51:855 (00030868) > [Render] Quering NVAPI for GPU temperature
16:05:51:855 (00030868) > [Render] Working set: 8359MB Page file: 24284MB Video Budget: 23374MB Video Usage: 9402MB Sys Budget: 15186MB Sys Usage: 1765MB Demoted: 0MB fps: 112.5
16:06:51:853 (00030868) > [Render] Quering NVAPI for GPU temperature
16:06:51:853 (00030868) > [Render] Working set: 8100MB Page file: 22126MB Video Budget: 23374MB Video Usage: 7548MB Sys Budget: 15186MB Sys Usage: 1765MB Demoted: 0MB fps: 113.8
16:07:51:853 (00030868) > [Render] Quering NVAPI for GPU temperature
16:07:51:854 (00030868) > [Render] Working set: 8499MB Page file: 22681MB Video Budget: 23374MB Video Usage: 7710MB Sys Budget: 15186MB Sys Usage: 1765MB Demoted: 0MB fps: 114.0
16:07:59:294 (00006444) > [Render] Resizing heap 2 from 152.00 MiB to 166.00 MiB
16:08:38:231 (00015432) > [Render] Resizing heap 1 from 298.00 MiB to 301.00 MiB
16:08:51:852 (00030868) > [Render] Quering NVAPI for GPU temperature
16:08:51:855 (00030868) > [Render] Working set: 8589MB Page file: 24241MB Video Budget: 23374MB Video Usage: 9157MB Sys Budget: 15186MB Sys Usage: 1786MB Demoted: 0MB fps: 107.1
16:09:51:854 (00030868) > [Render] Quering NVAPI for GPU temperature
16:09:51:855 (00030868) > [Render] Working set: 8591MB Page file: 24245MB Video Budget: 23374MB Video Usage: 9162MB Sys Budget: 15186MB Sys Usage: 1786MB Demoted: 0MB fps: 108.8
16:10:51:853 (00030868) > [Render] Quering NVAPI for GPU temperature
16:10:51:853 (00030868) > [Render] Working set: 8594MB Page file: 24274MB Video Budget: 23374MB Video Usage: 9175MB Sys Budget: 15186MB Sys Usage: 1787MB Demoted: 0MB fps: 106.0
16:11:51:856 (00030868) > [Render] Quering NVAPI for GPU temperature
16:11:51:856 (00030868) > [Render] Working set: 8604MB Page file: 24286MB Video Budget: 23374MB Video Usage: 9187MB Sys Budget: 15186MB Sys Usage: 1791MB Demoted: 0MB fps: 103.4
16:12:51:850 (00030868) > [Render] Quering NVAPI for GPU temperature
16:12:51:850 (00030868) > [Render] Working set: 8611MB Page file: 24288MB Video Budget: 23374MB Video Usage: 9183MB Sys Budget: 15186MB Sys Usage: 1792MB Demoted: 0MB fps: 104.9
16:13:51:854 (00030868) > [Render] Quering NVAPI for GPU temperature
16:13:51:855 (00030868) > [Render] Working set: 8615MB Page file: 24516MB Video Budget: 23374MB Video Usage: 9410MB Sys Budget: 15186MB Sys Usage: 1792MB Demoted: 0MB fps: 105.3
16:14:51:858 (00030868) > [Render] Quering NVAPI for GPU temperature
16:14:51:858 (00030868) > [Render] Working set: 8337MB Page file: 22653MB Video Budget: 23374MB Video Usage: 7825MB Sys Budget: 15186MB Sys Usage: 1792MB Demoted: 0MB fps: 111.6
16:15:51:858 (00030868) > [Render] Quering NVAPI for GPU temperature
16:15:51:858 (00030868) > [Render] Working set: 8338MB Page file: 22419MB Video Budget: 23374MB Video Usage: 7602MB Sys Budget: 15186MB Sys Usage: 1792MB Demoted: 0MB fps: 114.0
16:16:51:857 (00030868) > [Render] Quering NVAPI for GPU temperature
16:16:51:857 (00030868) > [Render] Working set: 8601MB Page file: 23970MB Video Budget: 23374MB Video Usage: 8877MB Sys Budget: 15186MB Sys Usage: 1792MB Demoted: 0MB fps: 113.5
16:17:51:855 (00030868) > [Render] Quering NVAPI for GPU temperature
16:17:51:855 (00030868) > [Render] Working set: 8307MB Page file: 22609MB Video Budget: 23374MB Video Usage: 7871MB Sys Budget: 15186MB Sys Usage: 1792MB Demoted: 0MB fps: 113.8
